<testsuites id="" name="" tests="233" failures="61" skipped="0" errors="11" time="7617.951738037109">
<testsuite name="e2e/acompanhamento-contratos/ciclo-correcao-reenvio.spec.js" timestamp="2026-09-03T21:05:08.086Z" hostname="e2e" tests="1" failures="0" skipped="0" time="112.157" errors="1">
<testcase name="Ciclo de retorno da SC: reprovação → Correção → reenvio (CT-CMP-08-H) › CT-CMP-08-H @destrutivo @bug — reprovada e corrigida, a SC deveria voltar para a Validação do Gestor com o contrato de origem íntegro" classname="e2e/acompanhamento-contratos/ciclo-correcao-reenvio.spec.js" time="112.157">
<properties>
<property name="faker-seed" value="56950">
</property>
<property name="faker-seed-do-teste" value="1627448975">
</property>
<property name="contrato-escolhido" value="00008-2026-5303 · filial 5303 · 080 - DIREITO DE USO - LICENCA DE SW · Vigente">
</property>
<property name="sc-criada" value="113229">
</property>
</properties>
<system-out>
<![CDATA[
[[ATTACHMENT|blob-todos/resources/cd3c09c67844b2c2c67d0a197844babab4204ccf.png]]

[[ATTACHMENT|blob-todos/resources/b4c7f7de6b330041533f863d2dfbfc932de48bbd.webm]]

[[ATTACHMENT|blob-todos/resources/65085b2306ba94a46442aed77cbc34d90b935b56.md]]

[[ATTACHMENT|blob-todos/resources/4afb0593c7b9c1fdaa988eca37ca3a5ea5729eec.zip]]
]]>
</system-out>
<error message="DEFEITO (CT-CMP-08-H): a SC 113229 não pode ser reenviada depois de corrigida. O Fluig RECUSOU a movimentação da etapa &quot;Ajustar Informações&quot; com: &quot;× Close Erro Erro ao validar as informações do formulário para movimentação. Error: Error: Existem campos de rateio sem preenchimento. Preencha todos os campos e tente novamente. Ok, entendi&quot;. A SC continua em &quot;Ajustar Informações&quot; com &quot;TOTVS-FS&quot; — ou seja, o caminho de retorno é um beco sem saída: o gestor reprova, a solicitação volta para o solicitante e ele não consegue devolvê-la ao fluxo. Histórico: [&quot;mov1|294:Compra Centralizada?|COMPLETED|TOTVS-FS&quot;,&quot;mov2|233:Grava SC e Anexos|COMPLETED|System:Auto&quot;,&quot;mov3|7:Validação do Gestor|COMPLETED|System:Auto&quot;,&quot;mov4|7:Validação do Gestor|TRANSFERRED|Pool:Group:G.P.Requisicao_de_Compras_Gestor_Imediato&quot;,&quot;mov4|9:Sol. Validação do Gestor|COMPLETED|TOTVS-FS&quot;,&quot;mov5|11:Ajustar Informações|COMPLETED|System:Auto&quot;,&quot;mov6|11:Ajustar Informações|NOT_COMPLETED|TOTVS-FS&quot;]" type="Error">
<![CDATA[  [e2e] › e2e/acompanhamento-contratos/ciclo-correcao-reenvio.spec.js:243:3 › Ciclo de retorno da SC: reprovação → Correção → reenvio (CT-CMP-08-H) › CT-CMP-08-H @destrutivo @bug — reprovada e corrigida, a SC deveria voltar para a Validação do Gestor com o contrato de origem íntegro 

    Error: DEFEITO (CT-CMP-08-H): a SC 113229 não pode ser reenviada depois de corrigida. O Fluig RECUSOU a movimentação da etapa "Ajustar Informações" com: "× Close Erro Erro ao validar as informações do formulário para movimentação. Error: Error: Existem campos de rateio sem preenchimento. Preencha todos os campos e tente novamente. Ok, entendi". A SC continua em "Ajustar Informações" com "TOTVS-FS" — ou seja, o caminho de retorno é um beco sem saída: o gestor reprova, a solicitação volta para o solicitante e ele não consegue devolvê-la ao fluxo. Histórico: ["mov1|294:Compra Centralizada?|COMPLETED|TOTVS-FS","mov2|233:Grava SC e Anexos|COMPLETED|System:Auto","mov3|7:Validação do Gestor|COMPLETED|System:Auto","mov4|7:Validação do Gestor|TRANSFERRED|Pool:Group:G.P.Requisicao_de_Compras_Gestor_Imediato","mov4|9:Sol. Validação do Gestor|COMPLETED|TOTVS-FS","mov5|11:Ajustar Informações|COMPLETED|System:Auto","mov6|11:Ajustar Informações|NOT_COMPLETED|TOTVS-FS"]

      408 |         .trim();
      409 |       const estado = await lerEstado(page, processInstanceId);
    > 410 |       throw new Error(
          |             ^
      411 |         `DEFEITO (CT-CMP-08-H): a SC ${processInstanceId} não pode ser reenviada depois de ` +
      412 |           `corrigida. O Fluig RECUSOU a movimentação da etapa ` +
      413 |           `"${naCorrecao.tarefaCorrente?.etapa}" com: "${texto}". A SC continua em ` +
        at /home/dev1/emdash/worktrees/teste-esbo-o-do-projeto-a4e20f05/emdash-teste-2-jxzxn/tests/e2e/acompanhamento-contratos/ciclo-correcao-reenvio.spec.js:410:13

    attachment #1: screenshot (image/png) ──────────────────────────────────────────────────────────
    ../blob-todos/resources/cd3c09c67844b2c2c67d0a197844babab4204ccf.png
    ────────────────────────────────────────────────────────────────────────────────────────────────

    attachment #4: video (video/webm) ──────────────────────────────────────────────────────────────
    ../blob-todos/resources/b4c7f7de6b330041533f863d2dfbfc932de48bbd.webm
    ────────────────────────────────────────────────────────────────────────────────────────────────

    Error Context: ../blob-todos/resources/65085b2306ba94a46442aed77cbc34d90b935b56.md

    attachment #6: trace (application/zip) ─────────────────────────────────────────────────────────
    ../blob-todos/resources/4afb0593c7b9c1fdaa988eca37ca3a5ea5729eec.zip
    Usage:

        npx playwright show-trace ../blob-todos/resources/4afb0593c7b9c1fdaa988eca37ca3a5ea5729eec.zip

    ────────────────────────────────────────────────────────────────────────────────────────────────
]]>
</error>
</testcase>
</testsuite>
<testsuite name="e2e/acompanhamento-contratos/ciclo-gestor.spec.js" timestamp="2026-09-03T21:05:08.086Z" hostname="e2e" tests="1" failures="1" skipped="0" time="63.347" errors="0">
<testcase name="Gestor Imediato assume do pool e aprova (CT-E2E-02-H) › @destrutivo @bug aprovada pelo Gestor Imediato, a SC deveria avançar para Validação Orçamentária" classname="e2e/acompanhamento-contratos/ciclo-gestor.spec.js" time="63.347">
<properties>
<property name="faker-seed" value="687292">
</property>
<property name="faker-seed-do-teste" value="261200671">
</property>
<property name="contrato-escolhido" value="00187-2023-5303 · filial 5303 · 038 - MANUT DE MAQ EQUIPAMENTOS · Vigente">
</property>
<property name="sc-criada" value="113230">
</property>
</properties>
<system-out>
<![CDATA[
[[ATTACHMENT|blob-todos/resources/623cc1589da8be9db601192c0411a956a28af507.png]]

[[ATTACHMENT|blob-todos/resources/781a5f1658d1c41894c2d150e54a50507d7fa98e.webm]]

[[ATTACHMENT|blob-todos/resources/0a346191e7bb92931a3efab91d3a2cccebe05da1.md]]

[[ATTACHMENT|blob-todos/resources/ab9af089774b8edcef2b58acd731ac0b4ecb46fc.zip]]
]]>
</system-out>
<failure message="SC 113230: estado atual &quot;Início&quot; — esperando &quot;Validação do Gestor&quot; (bloqueado por D-01: a SC nasce presa no marco de Início e não chega a nenhuma etapa de trabalho, logo nunca aparece em pool algum)" type="expect.toBe">
<![CDATA[  [e2e] › e2e/acompanhamento-contratos/ciclo-gestor.spec.js:109:3 › Gestor Imediato assume do pool e aprova (CT-E2E-02-H) › @destrutivo @bug aprovada pelo Gestor Imediato, a SC deveria avançar para Validação Orçamentária 

    Error: SC 113230: estado atual "Início" — esperando "Validação do Gestor" (bloqueado por D-01: a SC nasce presa no marco de Início e não chega a nenhuma etapa de trabalho, logo nunca aparece em pool algum)

    expect(received).toBe(expected) // Object.is equality

    Expected: "Validação do Gestor"
    Received: "Início"

    Call Log:
    - Timeout 45000ms exceeded while waiting on the predicate

      137 |           'chega a nenhuma etapa de trabalho, logo nunca aparece em pool algum)',
      138 |       ).toBe('Validação do Gestor');
    > 139 |     }).toPass({ timeout: ESPERA_CHEGADA_NO_GESTOR_MS, intervals: [3_000] });
          |        ^
      140 |
      141 |     // Só chega aqui se a pré-condição acima passar (ou seja, se D-01 estiver corrigido).
      142 |     const tarefa = new TarefaSolicitacaoCompraPage(page);
        at /home/dev1/emdash/worktrees/teste-esbo-o-do-projeto-a4e20f05/emdash-teste-2-jxzxn/tests/e2e/acompanhamento-contratos/ciclo-gestor.spec.js:139:8

    attachment #1: screenshot (image/png) ──────────────────────────────────────────────────────────
    ../blob-todos/resources/623cc1589da8be9db601192c0411a956a28af507.png
    ────────────────────────────────────────────────────────────────────────────────────────────────

    attachment #4: video (video/webm) ──────────────────────────────────────────────────────────────
    ../blob-todos/resources/781a5f1658d1c41894c2d150e54a50507d7fa98e.webm
    ────────────────────────────────────────────────────────────────────────────────────────────────

    Error Context: ../blob-todos/resources/0a346191e7bb92931a3efab91d3a2cccebe05da1.md

    attachment #6: trace (application/zip) ─────────────────────────────────────────────────────────
    ../blob-todos/resources/ab9af089774b8edcef2b58acd731ac0b4ecb46fc.zip
    Usage:

        npx playwright show-trace ../blob-todos/resources/ab9af089774b8edcef2b58acd731ac0b4ecb46fc.zip

    ────────────────────────────────────────────────────────────────────────────────────────────────
]]>
</failure>
</testcase>
</testsuite>
<testsuite name="e2e/acompanhamento-contratos/ciclo-gestor.spec.js" timestamp="2026-09-03T21:05:08.086Z" hostname="e2e" tests="1" failures="1" skipped="0" time="63.21" errors="0">
<testcase name="Gestor Imediato reprova com justificativa (CT-E2E-02-S1) › @destrutivo @bug reprovada, a SC deveria voltar para Ajustar Informações com o solicitante, itens e contrato íntegros" classname="e2e/acompanhamento-contratos/ciclo-gestor.spec.js" time="63.21">
<properties>
<property name="faker-seed" value="364618">
</property>
<property name="faker-seed-do-teste" value="3147944288">
</property>
<property name="contrato-escolhido" value="00146-2024-5303 · filial 5303 · 031 - LICENCIAMENTO DE SOFTWARE · Vigente">
</property>
<property name="sc-criada" value="113231">
</property>
</properties>
<system-out>
<![CDATA[
[[ATTACHMENT|blob-todos/resources/7177b0bffb8b90e90f9c1e9967f98f7085bb0cec.png]]

[[ATTACHMENT|blob-todos/resources/4bfc4bb367dbcaa153acd382cfbd256631abb69f.webm]]

[[ATTACHMENT|blob-todos/resources/ca0656f0f6c816207039c724705b0277f7adea7c.md]]

[[ATTACHMENT|blob-todos/resources/c1f1df4ddd6e2266886eebfd5c96e08900a4e611.zip]]
]]>
</system-out>
<failure message="SC 113231: estado atual &quot;Início&quot; — esperando &quot;Validação do Gestor&quot; (bloqueado por D-01, ver cabeçalho do arquivo)" type="expect.toBe">
<![CDATA[  [e2e] › e2e/acompanhamento-contratos/ciclo-gestor.spec.js:155:3 › Gestor Imediato reprova com justificativa (CT-E2E-02-S1) › @destrutivo @bug reprovada, a SC deveria voltar para Ajustar Informações com o solicitante, itens e contrato íntegros 

    Error: SC 113231: estado atual "Início" — esperando "Validação do Gestor" (bloqueado por D-01, ver cabeçalho do arquivo)

    expect(received).toBe(expected) // Object.is equality

    Expected: "Validação do Gestor"
    Received: "Início"

    Call Log:
    - Timeout 45000ms exceeded while waiting on the predicate

      190 |           '"Validação do Gestor" (bloqueado por D-01, ver cabeçalho do arquivo)',
      191 |       ).toBe('Validação do Gestor');
    > 192 |     }).toPass({ timeout: ESPERA_CHEGADA_NO_GESTOR_MS, intervals: [3_000] });
          |        ^
      193 |
      194 |     // Só chega aqui se a pré-condição acima passar.
      195 |     const tarefa = new TarefaSolicitacaoCompraPage(page);
        at /home/dev1/emdash/worktrees/teste-esbo-o-do-projeto-a4e20f05/emdash-teste-2-jxzxn/tests/e2e/acompanhamento-contratos/ciclo-gestor.spec.js:192:8

    attachment #1: screenshot (image/png) ──────────────────────────────────────────────────────────
    ../blob-todos/resources/7177b0bffb8b90e90f9c1e9967f98f7085bb0cec.png
    ────────────────────────────────────────────────────────────────────────────────────────────────

    attachment #4: video (video/webm) ──────────────────────────────────────────────────────────────
    ../blob-todos/resources/4bfc4bb367dbcaa153acd382cfbd256631abb69f.webm
    ────────────────────────────────────────────────────────────────────────────────────────────────

    Error Context: ../blob-todos/resources/ca0656f0f6c816207039c724705b0277f7adea7c.md

    attachment #6: trace (application/zip) ─────────────────────────────────────────────────────────
    ../blob-todos/resources/c1f1df4ddd6e2266886eebfd5c96e08900a4e611.zip
    Usage:

        npx playwright show-trace ../blob-todos/resources/c1f1df4ddd6e2266886eebfd5c96e08900a4e611.zip

    ────────────────────────────────────────────────────────────────────────────────────────────────
]]>
</failure>
</testcase>
</testsuite>
<testsuite name="e2e/acompanhamento-contratos/ciclo-gestor.spec.js" timestamp="2026-09-03T21:05:08.086Z" hostname="e2e" tests="1" failures="1" skipped="0" time="25.578" errors="0">
<testcase name="A SC criada nasce no estado e no dono corretos (CT-E2E-01-H) › @destrutivo @bug estado inicial e responsável deveriam refletir uma etapa de trabalho do solicitante" classname="e2e/acompanhamento-contratos/ciclo-gestor.spec.js" time="25.578">
<properties>
<property name="faker-seed" value="931592">
</property>
<property name="faker-seed-do-teste" value="1717937821">
</property>
<property name="contrato-escolhido" value="6251-2025-5303 · filial 5303 · 113 - DIREITO DE USO - LICEN DE SW · Vigente">
</property>
<property name="sc-criada" value="113232">
</property>
<property name="GET /process-management/api/v2/requests/&lt;N&gt;" value="status 403 — consulta feita via Central de Tarefas em vez disso">
</property>
</properties>
<system-out>
<![CDATA[
[[ATTACHMENT|blob-todos/resources/8ac5cf75d887b8869666c9e1473d2ca4b6e20f7b.png]]

[[ATTACHMENT|blob-todos/resources/68d5d102366cf3277422ebbf32e48ec72f1f2d49.webm]]

[[ATTACHMENT|blob-todos/resources/21b85b9126ad468e8a100042379ac2dedb715518.md]]

[[ATTACHMENT|blob-todos/resources/bd2db0bca5ba68280af1512021babe373c5de41b.zip]]
]]>
</system-out>
<failure message="estado inicial &quot;Início&quot; — deveria ser uma etapa de trabalho, não o marco de Início do BPMN" type="expect.not.toBe">
<![CDATA[  [e2e] › e2e/acompanhamento-contratos/ciclo-gestor.spec.js:36:3 › A SC criada nasce no estado e no dono corretos (CT-E2E-01-H) › @destrutivo @bug estado inicial e responsável deveriam refletir uma etapa de trabalho do solicitante 

    Error: estado inicial "Início" — deveria ser uma etapa de trabalho, não o marco de Início do BPMN

    expect(received).not.toBe(expected) // Object.is equality

    Expected: not "Início"

       96 |       `estado inicial "${registro?.stateDescription}" — deveria ser uma etapa de trabalho, não o ` +
       97 |         'marco de Início do BPMN',
    >  98 |     ).not.toBe('Início');
          |           ^
       99 |
      100 |     expect(
      101 |       registro?.colleagueName,
        at /home/dev1/emdash/worktrees/teste-esbo-o-do-projeto-a4e20f05/emdash-teste-2-jxzxn/tests/e2e/acompanhamento-contratos/ciclo-gestor.spec.js:98:11

    attachment #1: screenshot (image/png) ──────────────────────────────────────────────────────────
    ../blob-todos/resources/8ac5cf75d887b8869666c9e1473d2ca4b6e20f7b.png
    ────────────────────────────────────────────────────────────────────────────────────────────────

    attachment #4: video (video/webm) ──────────────────────────────────────────────────────────────
    ../blob-todos/resources/68d5d102366cf3277422ebbf32e48ec72f1f2d49.webm
    ────────────────────────────────────────────────────────────────────────────────────────────────

    Error Context: ../blob-todos/resources/21b85b9126ad468e8a100042379ac2dedb715518.md

    attachment #6: trace (application/zip) ─────────────────────────────────────────────────────────
    ../blob-todos/resources/bd2db0bca5ba68280af1512021babe373c5de41b.zip
    Usage:

        npx playwright show-trace ../blob-todos/resources/bd2db0bca5ba68280af1512021babe373c5de41b.zip

    ────────────────────────────────────────────────────────────────────────────────────────────────
]]>
</failure>
</testcase>
</testsuite>
<testsuite name="e2e/acompanhamento-contratos/criacao-solicitacao.spec.js" timestamp="2026-09-03T21:05:08.086Z" hostname="e2e" tests="1" failures="1" skipped="0" time="25.002" errors="0">
<testcase name="Confirmar cria a SC e ela deveria chegar ao solicitante (CT-ACC-05-H / D-01) › @destrutivo @bug a SC deveria nascer atribuída ao solicitante logado, não à conta de integração" classname="e2e/acompanhamento-contratos/criacao-solicitacao.spec.js" time="25.002">
<properties>
<property name="faker-seed" value="252848">
</property>
<property name="faker-seed-do-teste" value="2238364972">
</property>
<property name="contrato-escolhido" value="00002-2023-3105 · filial 3105 · 039 - MANUT SIST DE CLIMATIZAC EXAUS · Vigente">
</property>
<property name="sc-criada" value="113233">
</property>
</properties>
<system-out>
<![CDATA[
[[ATTACHMENT|blob-todos/resources/84dd50c66051aee20b43e05235642c2e48caa43f.png]]

[[ATTACHMENT|blob-todos/resources/17e1ee66f766a852ada735c5a84ba3f21d760ed7.webm]]

[[ATTACHMENT|blob-todos/resources/25b8ca167b8fa8ff8ba7d4ef41cc408545bd9449.md]]

[[ATTACHMENT|blob-todos/resources/70d52e9abd820eeaa554d081cd5214ca6f610887.zip]]
]]>
</system-out>
<failure message="a SC 113233 nasceu com responsável &quot;Usuário Integrador Fluig&quot; — deveria ser o solicitante logado (ou uma etapa/pool legítima), não a conta de integração" type="expect.not.toBe">
<![CDATA[  [e2e] › e2e/acompanhamento-contratos/criacao-solicitacao.spec.js:113:3 › Confirmar cria a SC e ela deveria chegar ao solicitante (CT-ACC-05-H / D-01) › @destrutivo @bug a SC deveria nascer atribuída ao solicitante logado, não à conta de integração 

    Error: a SC 113233 nasceu com responsável "Usuário Integrador Fluig" — deveria ser o solicitante logado (ou uma etapa/pool legítima), não a conta de integração

    expect(received).not.toBe(expected) // Object.is equality

    Expected: not "Usuário Integrador Fluig"

      180 |       `a SC ${processInstanceId} nasceu com responsável "${registro?.colleagueName}" — deveria ser ` +
      181 |         'o solicitante logado (ou uma etapa/pool legítima), não a conta de integração',
    > 182 |     ).not.toBe('Usuário Integrador Fluig');
          |           ^
      183 |
      184 |     expect(
      185 |       registro?.stateDescription,
        at /home/dev1/emdash/worktrees/teste-esbo-o-do-projeto-a4e20f05/emdash-teste-2-jxzxn/tests/e2e/acompanhamento-contratos/criacao-solicitacao.spec.js:182:11

    attachment #1: screenshot (image/png) ──────────────────────────────────────────────────────────
    ../blob-todos/resources/84dd50c66051aee20b43e05235642c2e48caa43f.png
    ────────────────────────────────────────────────────────────────────────────────────────────────

    attachment #4: video (video/webm) ──────────────────────────────────────────────────────────────
    ../blob-todos/resources/17e1ee66f766a852ada735c5a84ba3f21d760ed7.webm
    ────────────────────────────────────────────────────────────────────────────────────────────────

    Error Context: ../blob-todos/resources/25b8ca167b8fa8ff8ba7d4ef41cc408545bd9449.md

    attachment #6: trace (application/zip) ─────────────────────────────────────────────────────────
    ../blob-todos/resources/70d52e9abd820eeaa554d081cd5214ca6f610887.zip
    Usage:

        npx playwright show-trace ../blob-todos/resources/70d52e9abd820eeaa554d081cd5214ca6f610887.zip

    ────────────────────────────────────────────────────────────────────────────────────────────────
]]>
</failure>
</testcase>
</testsuite>
<testsuite name="e2e/acompanhamento-contratos/criacao-solicitacao.spec.js" timestamp="2026-09-03T21:05:08.086Z" hostname="e2e" tests="1" failures="1" skipped="0" time="18.215" errors="0">
<testcase name="Item sem quantidade e sem valor no contrato não pode virar item da SC (CT-ACC-06-S1) › @destrutivo @bug item de quantidade/valor zerado no contrato não deveria virar item extra na SC criada" classname="e2e/acompanhamento-contratos/criacao-solicitacao.spec.js" time="18.215">
<properties>
<property name="faker-seed" value="241671">
</property>
<property name="faker-seed-do-teste" value="3162421550">
</property>
<property name="contrato-escolhido" value="6178-2025-5303 · filial 5303 · 103 - DA - SEGUR RESP CIVIL · Vigente">
</property>
<property name="contrato-escolhido" value="00002-2026-3201 · filial 3201 · 040 - MANUT PREDIAL E CLIMATIZACAO · Vigente">
</property>
<property name="sc-criada" value="113234">
</property>
</properties>
<system-out>
<![CDATA[
[[ATTACHMENT|blob-todos/resources/a3e3b95d80f65a6f5c3c504f65df5ba066f0b03e.png]]

[[ATTACHMENT|blob-todos/resources/b47be355a4f3ae9265ac9b9a39f8f31be8a3f902.webm]]

[[ATTACHMENT|blob-todos/resources/a33c7300482a7022d5cf755e2e0023059d30aaa1.md]]

[[ATTACHMENT|blob-todos/resources/9d68525e3741a3434bf3ae88621cdc0f85f48ee5.zip]]
]]>
</system-out>
<failure message="contrato 00002-2026-3201: o Protheus tem 3 itens (1 com quantidade e valor + 2 sem nenhum dos dois), mas a SC nasceu com 3. Os itens sem quantidade não foram descartados: o serviço FABRICA quantidade para eles (cascata `resolveQuant` → fallback 1 em contrato de serviços) e com isso eles passam pelo filtro `quant &gt; 0`. Quantidades enviadas: [48,1,1]" type="expect.toBe">
<![CDATA[  [e2e] › e2e/acompanhamento-contratos/criacao-solicitacao.spec.js:225:3 › Item sem quantidade e sem valor no contrato não pode virar item da SC (CT-ACC-06-S1) › @destrutivo @bug item de quantidade/valor zerado no contrato não deveria virar item extra na SC criada 

    Error: contrato 00002-2026-3201: o Protheus tem 3 itens (1 com quantidade e valor + 2 sem nenhum dos dois), mas a SC nasceu com 3. Os itens sem quantidade não foram descartados: o serviço FABRICA quantidade para eles (cascata `resolveQuant` → fallback 1 em contrato de serviços) e com isso eles passam pelo filtro `quant > 0`. Quantidades enviadas: [48,1,1]

    expect(received).toBe(expected) // Object.is equality

    Expected: 1
    Received: 3

      287 |         `serviços) e com isso eles passam pelo filtro \`quant > 0\`. Quantidades enviadas: ` +
      288 |         `${JSON.stringify(itensNaSC.map((i) => i.tbprod_quantidade))}`,
    > 289 |     ).toBe(itensValidos.length);
          |       ^
      290 |   });
      291 | });
      292 |
        at /home/dev1/emdash/worktrees/teste-esbo-o-do-projeto-a4e20f05/emdash-teste-2-jxzxn/tests/e2e/acompanhamento-contratos/criacao-solicitacao.spec.js:289:7

    attachment #1: screenshot (image/png) ──────────────────────────────────────────────────────────
    ../blob-todos/resources/a3e3b95d80f65a6f5c3c504f65df5ba066f0b03e.png
    ────────────────────────────────────────────────────────────────────────────────────────────────

    attachment #4: video (video/webm) ──────────────────────────────────────────────────────────────
    ../blob-todos/resources/b47be355a4f3ae9265ac9b9a39f8f31be8a3f902.webm
    ────────────────────────────────────────────────────────────────────────────────────────────────

    Error Context: ../blob-todos/resources/a33c7300482a7022d5cf755e2e0023059d30aaa1.md

    attachment #6: trace (application/zip) ─────────────────────────────────────────────────────────
    ../blob-todos/resources/9d68525e3741a3434bf3ae88621cdc0f85f48ee5.zip
    Usage:

        npx playwright show-trace ../blob-todos/resources/9d68525e3741a3434bf3ae88621cdc0f85f48ee5.zip

    ────────────────────────────────────────────────────────────────────────────────────────────────
]]>
</failure>
</testcase>
</testsuite>
<testsuite name="e2e/acompanhamento-contratos/criacao-solicitacao.spec.js" timestamp="2026-09-03T21:05:08.086Z" hostname="e2e" tests="1" failures="1" skipped="0" time="22.168" errors="0">
<testcase name="Bypass da validação de cliente no start direto (CT-ACC-04-S6 / D-10) › @destrutivo @bug o servidor deveria recusar tipoSolicitacao vazio tanto quanto recusa motivoSolCompra vazio" classname="e2e/acompanhamento-contratos/criacao-solicitacao.spec.js" time="22.168">
<properties>
<property name="faker-seed" value="98827">
</property>
<property name="faker-seed-do-teste" value="3080624056">
</property>
<property name="contrato-escolhido" value="00010.2024.3517 · filial 3517 · 038 - MANUT DE MAQ EQUIPAMENTOS · Vigente">
</property>
<property name="sc-criada (bypass tipoSolicitacao vazio)" value="113235">
</property>
</properties>
<system-out>
<![CDATA[
[[ATTACHMENT|blob-todos/resources/907da654f0b66b003d25113e935628ca7b98ceae.png]]

[[ATTACHMENT|blob-todos/resources/316942fe5f0626562443db74168e8defc35dfe5b.webm]]

[[ATTACHMENT|blob-todos/resources/edc9752a8980e6a34a32dc50be3cd75f5db39c28.md]]

[[ATTACHMENT|blob-todos/resources/1cfd4cc365851db7a3a097d4db00aa7fa0c87834.zip]]
]]>
</system-out>
<failure message="tipoSolicitacao vazio deveria ser recusado pelo servidor (como motivoSolCompra vazio é), mas respondeu 200: {&quot;possibleAssignees&quot;:[],&quot;toShowPossibleAssignees&quot;:false,&quot;jointActivity&quot;:false,&quot;reachedPercentageForJointActivity&quot;:null,&quot;highestTaskForJointActivity&quot;:null,&quot;highestAssigneeForJointActivity&quot;:null,&quot;nextState&quot;:0,&quot;nextGateway&quot;:null,&quot;nextStateName&quot;:null,&quot;gatewayComment&quot;:null,&quot;gatewayCondition&quot;:0,&quot;useManage" type="expect.not.toBe">
<![CDATA[  [e2e] › e2e/acompanhamento-contratos/criacao-solicitacao.spec.js:294:3 › Bypass da validação de cliente no start direto (CT-ACC-04-S6 / D-10) › @destrutivo @bug o servidor deveria recusar tipoSolicitacao vazio tanto quanto recusa motivoSolCompra vazio 

    Error: tipoSolicitacao vazio deveria ser recusado pelo servidor (como motivoSolCompra vazio é), mas respondeu 200: {"possibleAssignees":[],"toShowPossibleAssignees":false,"jointActivity":false,"reachedPercentageForJointActivity":null,"highestTaskForJointActivity":null,"highestAssigneeForJointActivity":null,"nextState":0,"nextGateway":null,"nextStateName":null,"gatewayComment":null,"gatewayCondition":0,"useManage

    expect(received).not.toBe(expected) // Object.is equality

    Expected: not 200

      411 |       'tipoSolicitacao vazio deveria ser recusado pelo servidor (como motivoSolCompra vazio é), ' +
      412 |         `mas respondeu ${resultadoTipoVazio.status}: ${resultadoTipoVazio.body.slice(0, 300)}`,
    > 413 |     ).not.toBe(200);
          |           ^
      414 |
      415 |     expect(
      416 |       resultadoMotivoVazio.status,
        at /home/dev1/emdash/worktrees/teste-esbo-o-do-projeto-a4e20f05/emdash-teste-2-jxzxn/tests/e2e/acompanhamento-contratos/criacao-solicitacao.spec.js:413:11

    attachment #2: screenshot (image/png) ──────────────────────────────────────────────────────────
    ../blob-todos/resources/907da654f0b66b003d25113e935628ca7b98ceae.png
    ────────────────────────────────────────────────────────────────────────────────────────────────

    attachment #5: video (video/webm) ──────────────────────────────────────────────────────────────
    ../blob-todos/resources/316942fe5f0626562443db74168e8defc35dfe5b.webm
    ────────────────────────────────────────────────────────────────────────────────────────────────

    Error Context: ../blob-todos/resources/edc9752a8980e6a34a32dc50be3cd75f5db39c28.md

    attachment #7: trace (application/zip) ─────────────────────────────────────────────────────────
    ../blob-todos/resources/1cfd4cc365851db7a3a097d4db00aa7fa0c87834.zip
    Usage:

        npx playwright show-trace ../blob-todos/resources/1cfd4cc365851db7a3a097d4db00aa7fa0c87834.zip

    ────────────────────────────────────────────────────────────────────────────────────────────────
]]>
</failure>
</testcase>
</testsuite>
<testsuite name="e2e/acompanhamento-contratos/criacao-solicitacao.spec.js" timestamp="2026-09-03T21:05:08.086Z" hostname="e2e" tests="1" failures="1" skipped="0" time="35.788" errors="0">
<testcase name="Segunda SC para o mesmo contrato/revisão sem alerta de duplicidade (CT-E2E-12-S1) › @destrutivo @bug o portal deveria alertar sobre a SC já em andamento para o mesmo contrato/revisão" classname="e2e/acompanhamento-contratos/criacao-solicitacao.spec.js" time="35.788">
<properties>
<property name="faker-seed" value="149311">
</property>
<property name="faker-seed-do-teste" value="3090145056">
</property>
<property name="contrato-escolhido" value="00007-2023-2301 · filial 2301 · 057 - SEGURANCA · Vigente">
</property>
<property name="sc-criada" value="113237">
</property>
</properties>
<system-out>
<![CDATA[
[[ATTACHMENT|blob-todos/resources/ca5811ba7adeb0479998c49759a61a08610d799f.png]]

[[ATTACHMENT|blob-todos/resources/2df97ebb5f5cc0b4ce66e22980cbeeb1f417a185.webm]]

[[ATTACHMENT|blob-todos/resources/4caf856cae4a4a55adb788708776066c58165ca9.md]]

[[ATTACHMENT|blob-todos/resources/db945d9f391ff27e64da15622662c80621b58178.zip]]
]]>
</system-out>
<failure message="nenhum aviso apareceu ao reabrir a SC do contrato 00007-2023-2301, mesmo já existindo a solicitação 113237 em andamento para o mesmo contrato/revisão" type="expect.toBeVisible">
<![CDATA[  [e2e] › e2e/acompanhamento-contratos/criacao-solicitacao.spec.js:424:3 › Segunda SC para o mesmo contrato/revisão sem alerta de duplicidade (CT-E2E-12-S1) › @destrutivo @bug o portal deveria alertar sobre a SC já em andamento para o mesmo contrato/revisão 

    Error: nenhum aviso apareceu ao reabrir a SC do contrato 00007-2023-2301, mesmo já existindo a solicitação 113237 em andamento para o mesmo contrato/revisão

    expect(locator).toBeVisible() failed

    Locator: getByText(/113237|em andamento|já existe|já possui/i)
    Expected: visible
    Timeout: 5000ms
    Error: element(s) not found

    Call log:
      - nenhum aviso apareceu ao reabrir a SC do contrato 00007-2023-2301, mesmo já existindo a solicitação 113237 em andamento para o mesmo contrato/revisão with timeout 5000ms
      - waiting for getByText(/113237|em andamento|já existe|já possui/i)


      457 |       `nenhum aviso apareceu ao reabrir a SC do contrato ${contrato.contrato}, mesmo já existindo ` +
      458 |         `a solicitação ${processInstanceId1} em andamento para o mesmo contrato/revisão`,
    > 459 |     ).toBeVisible({ timeout: 5_000 });
          |       ^
      460 |   });
      461 | });
      462 |
        at /home/dev1/emdash/worktrees/teste-esbo-o-do-projeto-a4e20f05/emdash-teste-2-jxzxn/tests/e2e/acompanhamento-contratos/criacao-solicitacao.spec.js:459:7

    attachment #1: screenshot (image/png) ──────────────────────────────────────────────────────────
    ../blob-todos/resources/ca5811ba7adeb0479998c49759a61a08610d799f.png
    ────────────────────────────────────────────────────────────────────────────────────────────────

    attachment #4: video (video/webm) ──────────────────────────────────────────────────────────────
    ../blob-todos/resources/2df97ebb5f5cc0b4ce66e22980cbeeb1f417a185.webm
    ────────────────────────────────────────────────────────────────────────────────────────────────

    Error Context: ../blob-todos/resources/4caf856cae4a4a55adb788708776066c58165ca9.md

    attachment #6: trace (application/zip) ─────────────────────────────────────────────────────────
    ../blob-todos/resources/db945d9f391ff27e64da15622662c80621b58178.zip
    Usage:

        npx playwright show-trace ../blob-todos/resources/db945d9f391ff27e64da15622662c80621b58178.zip

    ────────────────────────────────────────────────────────────────────────────────────────────────
]]>
</failure>
</testcase>
</testsuite>
<testsuite name="e2e/compras/aprovacoes-solicitacao-compras.spec.js" timestamp="2026-09-03T21:05:08.086Z" hostname="e2e" tests="1" failures="1" skipped="0" time="213.127" errors="0">
<testcase name="Validação do Gestor Imediato (Tarefas em pool) › @destrutivo deve assumir e aprovar uma tarefa do pool do Gestor Imediato" classname="e2e/compras/aprovacoes-solicitacao-compras.spec.js" time="213.127">
<properties>
<property name="faker-seed" value="448282">
</property>
<property name="faker-seed-do-teste" value="2200137302">
</property>
<property name="pre-condicao-ausente" value="a SC #113238, criada por este teste, não ficou assumível (&quot;Assumir tarefa&quot;) na Validação do Gestor dentro de 180s. Isto NÃO é defeito do produto confirmado — pode ser lentidão do BPMN acima do observado em campo (~76s), ou a tarefa ter sido assumida por outra execução concorrente que pega a primeira do pool (tests/e2e/tarefas/assumir-tarefa-pool.spec.js). Atividade atual observada na tela de detalhe: &quot;Grava SC e Anexos&quot;. Causa do polling: [2mexpect([22m[31mlocator[39m[2m).[22mtoBeVisible[2m([22m[2m)[22m failed

Locator: getByRole(&apos;button&apos;, { name: &apos;Assumir tarefa&apos; })
Expected: visible
Timeout: 5000ms
Error: element(s) not found

Call log:
[2m  - Expect &quot;toBeVisible&quot; with timeout 5000ms[22m
[2m  - waiting for getByRole(&apos;button&apos;, { name: &apos;Assumir tarefa&apos; })[22m


Call Log:
- Timeout 180000ms exceeded while waiting on the predicate">
</property>
</properties>
<system-out>
<![CDATA[
[[ATTACHMENT|blob-todos/resources/d58f7de6b5e40b1c803aaa41fb782f0e65ea24bf.png]]

[[ATTACHMENT|blob-todos/resources/39f2a1130ef1837ebb8e543610b0729fd1837351.webm]]

[[ATTACHMENT|blob-todos/resources/40273922656f36adf04ccf7482e3d548f92ddd3b.md]]

[[ATTACHMENT|blob-todos/resources/609ef58fa9325ed58fac17b44c7d98b8d0e55c40.zip]]
]]>
</system-out>
<failure message="PRÉ-CONDIÇÃO AUSENTE: a SC #113238, criada por este teste, não ficou assumível (&quot;Assumir tarefa&quot;) na Validação do Gestor dentro de 180s. Isto NÃO é defeito do produto confirmado — pode ser lentidão do BPMN acima do observado em campo (~76s), ou a tarefa ter sido assumida por outra execução concorrente que pega a primeira do pool (tests/e2e/tarefas/assumir-tarefa-pool.spec.js). Atividade atual observada na tela de detalhe: &quot;Grava SC e Anexos&quot;. Causa do polling: expect(locator).toBeVisible() failed" type="expect.toBeVisible">
<![CDATA[  [e2e] › e2e/compras/aprovacoes-solicitacao-compras.spec.js:318:3 › Validação do Gestor Imediato (Tarefas em pool) › @destrutivo deve assumir e aprovar uma tarefa do pool do Gestor Imediato 

    Error: PRÉ-CONDIÇÃO AUSENTE: a SC #113238, criada por este teste, não ficou assumível ("Assumir tarefa") na Validação do Gestor dentro de 180s. Isto NÃO é defeito do produto confirmado — pode ser lentidão do BPMN acima do observado em campo (~76s), ou a tarefa ter sido assumida por outra execução concorrente que pega a primeira do pool (tests/e2e/tarefas/assumir-tarefa-pool.spec.js). Atividade atual observada na tela de detalhe: "Grava SC e Anexos". Causa do polling: expect(locator).toBeVisible() failed

    Locator: getByRole('button', { name: 'Assumir tarefa' })
    Expected: visible
    Timeout: 5000ms
    Error: element(s) not found

    Call log:
      - Expect "toBeVisible" with timeout 5000ms
      - waiting for getByRole('button', { name: 'Assumir tarefa' })


    Call Log:
    - Timeout 180000ms exceeded while waiting on the predicate

       at ../utils/pre-condicao.js:36

      34 |   }
      35 |   const separador = motivo.startsWith('(') ? ' ' : ': ';
    > 36 |   return new Error(`${PREFIXO_PRE_CONDICAO}${separador}${motivo}`);
         |          ^
      37 | }
      38 |
      39 | /**
        at erroDePreCondicao (/home/dev1/emdash/worktrees/teste-esbo-o-do-projeto-a4e20f05/emdash-teste-2-jxzxn/utils/pre-condicao.js:36:10)
        at faltaPreCondicao (/home/dev1/emdash/worktrees/teste-esbo-o-do-projeto-a4e20f05/emdash-teste-2-jxzxn/utils/pre-condicao.js:69:9)
        at criarEAssumirNoPoolGestorImediato (/home/dev1/emdash/worktrees/teste-esbo-o-do-projeto-a4e20f05/emdash-teste-2-jxzxn/tests/e2e/compras/aprovacoes-solicitacao-compras.spec.js:291:5)
        at /home/dev1/emdash/worktrees/teste-esbo-o-do-projeto-a4e20f05/emdash-teste-2-jxzxn/tests/e2e/compras/aprovacoes-solicitacao-compras.spec.js:325:32

    attachment #1: screenshot (image/png) ──────────────────────────────────────────────────────────
    ../blob-todos/resources/d58f7de6b5e40b1c803aaa41fb782f0e65ea24bf.png
    ────────────────────────────────────────────────────────────────────────────────────────────────

    attachment #4: video (video/webm) ──────────────────────────────────────────────────────────────
    ../blob-todos/resources/39f2a1130ef1837ebb8e543610b0729fd1837351.webm
    ────────────────────────────────────────────────────────────────────────────────────────────────

    Error Context: ../blob-todos/resources/40273922656f36adf04ccf7482e3d548f92ddd3b.md

    attachment #6: trace (application/zip) ─────────────────────────────────────────────────────────
    ../blob-todos/resources/609ef58fa9325ed58fac17b44c7d98b8d0e55c40.zip
    Usage:

        npx playwright show-trace ../blob-todos/resources/609ef58fa9325ed58fac17b44c7d98b8d0e55c40.zip

    ────────────────────────────────────────────────────────────────────────────────────────────────
]]>
</failure>
</testcase>
</testsuite>
<testsuite name="e2e/compras/aprovacoes-solicitacao-compras.spec.js" timestamp="2026-09-03T21:05:08.086Z" hostname="e2e" tests="1" failures="1" skipped="0" time="213.742" errors="0">
<testcase name="Validação do Gestor Imediato (Tarefas em pool) › @destrutivo deve assumir e reprovar uma tarefa do pool do Gestor Imediato com justificativa" classname="e2e/compras/aprovacoes-solicitacao-compras.spec.js" time="213.742">
<properties>
<property name="faker-seed" value="402955">
</property>
<property name="faker-seed-do-teste" value="3626725390">
</property>
<property name="pre-condicao-ausente" value="a SC #113239, criada por este teste, não ficou assumível (&quot;Assumir tarefa&quot;) na Validação do Gestor dentro de 180s. Isto NÃO é defeito do produto confirmado — pode ser lentidão do BPMN acima do observado em campo (~76s), ou a tarefa ter sido assumida por outra execução concorrente que pega a primeira do pool (tests/e2e/tarefas/assumir-tarefa-pool.spec.js). Atividade atual observada na tela de detalhe: &quot;Grava SC e Anexos&quot;. Causa do polling: [2mexpect([22m[31mlocator[39m[2m).[22mtoBeVisible[2m([22m[2m)[22m failed

Locator: getByRole(&apos;button&apos;, { name: &apos;Assumir tarefa&apos; })
Expected: visible
Timeout: 5000ms
Error: element(s) not found

Call log:
[2m  - Expect &quot;toBeVisible&quot; with timeout 5000ms[22m
[2m  - waiting for getByRole(&apos;button&apos;, { name: &apos;Assumir tarefa&apos; })[22m


Call Log:
- Timeout 180000ms exceeded while waiting on the predicate">
</property>
</properties>
<system-out>
<![CDATA[
[[ATTACHMENT|blob-todos/resources/8919ea9952da76fa6a7a44b2ffe8d8317e918592.png]]

[[ATTACHMENT|blob-todos/resources/7ba3fcf903f65633c3246a41c6cf82d6c3904e69.webm]]

[[ATTACHMENT|blob-todos/resources/e66102f9b613bd7fa0cea031ba7a97bb7c0c2263.md]]

[[ATTACHMENT|blob-todos/resources/9444bbad97d000fa452d675b6192c5b8c7a25c4d.zip]]
]]>
</system-out>
<failure message="PRÉ-CONDIÇÃO AUSENTE: a SC #113239, criada por este teste, não ficou assumível (&quot;Assumir tarefa&quot;) na Validação do Gestor dentro de 180s. Isto NÃO é defeito do produto confirmado — pode ser lentidão do BPMN acima do observado em campo (~76s), ou a tarefa ter sido assumida por outra execução concorrente que pega a primeira do pool (tests/e2e/tarefas/assumir-tarefa-pool.spec.js). Atividade atual observada na tela de detalhe: &quot;Grava SC e Anexos&quot;. Causa do polling: expect(locator).toBeVisible() failed" type="expect.toBeVisible">
<![CDATA[  [e2e] › e2e/compras/aprovacoes-solicitacao-compras.spec.js:359:3 › Validação do Gestor Imediato (Tarefas em pool) › @destrutivo deve assumir e reprovar uma tarefa do pool do Gestor Imediato com justificativa 

    Error: PRÉ-CONDIÇÃO AUSENTE: a SC #113239, criada por este teste, não ficou assumível ("Assumir tarefa") na Validação do Gestor dentro de 180s. Isto NÃO é defeito do produto confirmado — pode ser lentidão do BPMN acima do observado em campo (~76s), ou a tarefa ter sido assumida por outra execução concorrente que pega a primeira do pool (tests/e2e/tarefas/assumir-tarefa-pool.spec.js). Atividade atual observada na tela de detalhe: "Grava SC e Anexos". Causa do polling: expect(locator).toBeVisible() failed

    Locator: getByRole('button', { name: 'Assumir tarefa' })
    Expected: visible
    Timeout: 5000ms
    Error: element(s) not found

    Call log:
      - Expect "toBeVisible" with timeout 5000ms
      - waiting for getByRole('button', { name: 'Assumir tarefa' })


    Call Log:
    - Timeout 180000ms exceeded while waiting on the predicate

       at ../utils/pre-condicao.js:36

      34 |   }
      35 |   const separador = motivo.startsWith('(') ? ' ' : ': ';
    > 36 |   return new Error(`${PREFIXO_PRE_CONDICAO}${separador}${motivo}`);
         |          ^
      37 | }
      38 |
      39 | /**
        at erroDePreCondicao (/home/dev1/emdash/worktrees/teste-esbo-o-do-projeto-a4e20f05/emdash-teste-2-jxzxn/utils/pre-condicao.js:36:10)
        at faltaPreCondicao (/home/dev1/emdash/worktrees/teste-esbo-o-do-projeto-a4e20f05/emdash-teste-2-jxzxn/utils/pre-condicao.js:69:9)
        at criarEAssumirNoPoolGestorImediato (/home/dev1/emdash/worktrees/teste-esbo-o-do-projeto-a4e20f05/emdash-teste-2-jxzxn/tests/e2e/compras/aprovacoes-solicitacao-compras.spec.js:291:5)
        at /home/dev1/emdash/worktrees/teste-esbo-o-do-projeto-a4e20f05/emdash-teste-2-jxzxn/tests/e2e/compras/aprovacoes-solicitacao-compras.spec.js:365:32

    attachment #1: screenshot (image/png) ──────────────────────────────────────────────────────────
    ../blob-todos/resources/8919ea9952da76fa6a7a44b2ffe8d8317e918592.png
    ────────────────────────────────────────────────────────────────────────────────────────────────

    attachment #4: video (video/webm) ──────────────────────────────────────────────────────────────
    ../blob-todos/resources/7ba3fcf903f65633c3246a41c6cf82d6c3904e69.webm
    ────────────────────────────────────────────────────────────────────────────────────────────────

    Error Context: ../blob-todos/resources/e66102f9b613bd7fa0cea031ba7a97bb7c0c2263.md

    attachment #6: trace (application/zip) ─────────────────────────────────────────────────────────
    ../blob-todos/resources/9444bbad97d000fa452d675b6192c5b8c7a25c4d.zip
    Usage:

        npx playwright show-trace ../blob-todos/resources/9444bbad97d000fa452d675b6192c5b8c7a25c4d.zip

    ────────────────────────────────────────────────────────────────────────────────────────────────
]]>
</failure>
</testcase>
</testsuite>
<testsuite name="e2e/compras/aprovacoes-solicitacao-compras.spec.js" timestamp="2026-09-03T21:05:08.086Z" hostname="e2e" tests="1" failures="1" skipped="0" time="212.947" errors="0">
<testcase name="Validação do Gestor Imediato (Tarefas em pool) › @destrutivo deve sinalizar explicitamente quando não há aprovador habilitado para a próxima etapa" classname="e2e/compras/aprovacoes-solicitacao-compras.spec.js" time="212.947">
<properties>
<property name="faker-seed" value="408360">
</property>
<property name="faker-seed-do-teste" value="2879502943">
</property>
<property name="pre-condicao-ausente" value="a SC #113240, criada por este teste, não ficou assumível (&quot;Assumir tarefa&quot;) na Validação do Gestor dentro de 180s. Isto NÃO é defeito do produto confirmado — pode ser lentidão do BPMN acima do observado em campo (~76s), ou a tarefa ter sido assumida por outra execução concorrente que pega a primeira do pool (tests/e2e/tarefas/assumir-tarefa-pool.spec.js). Atividade atual observada na tela de detalhe: &quot;Grava SC e Anexos&quot;. Causa do polling: [2mexpect([22m[31mlocator[39m[2m).[22mtoBeVisible[2m([22m[2m)[22m failed

Locator: getByRole(&apos;button&apos;, { name: &apos;Assumir tarefa&apos; })
Expected: visible
Timeout: 5000ms
Error: element(s) not found

Call log:
[2m  - Expect &quot;toBeVisible&quot; with timeout 5000ms[22m
[2m  - waiting for getByRole(&apos;button&apos;, { name: &apos;Assumir tarefa&apos; })[22m


Call Log:
- Timeout 180000ms exceeded while waiting on the predicate">
</property>
</properties>
<system-out>
<![CDATA[
[[ATTACHMENT|blob-todos/resources/a27d73e5c22b24e55d2b42187501e0696e06dd23.png]]

[[ATTACHMENT|blob-todos/resources/1c4bfed8e8a7346bdf1794b591ccefa2bec7d4c0.webm]]

[[ATTACHMENT|blob-todos/resources/e3c2fa8bf2f83bb0040ef996c740f6760e17979b.md]]

[[ATTACHMENT|blob-todos/resources/0a4986254883f23f0ce5b89b33ba9af248d12dca.zip]]
]]>
</system-out>
<failure message="PRÉ-CONDIÇÃO AUSENTE: a SC #113240, criada por este teste, não ficou assumível (&quot;Assumir tarefa&quot;) na Validação do Gestor dentro de 180s. Isto NÃO é defeito do produto confirmado — pode ser lentidão do BPMN acima do observado em campo (~76s), ou a tarefa ter sido assumida por outra execução concorrente que pega a primeira do pool (tests/e2e/tarefas/assumir-tarefa-pool.spec.js). Atividade atual observada na tela de detalhe: &quot;Grava SC e Anexos&quot;. Causa do polling: expect(locator).toBeVisible() failed" type="expect.toBeVisible">
<![CDATA[  [e2e] › e2e/compras/aprovacoes-solicitacao-compras.spec.js:402:3 › Validação do Gestor Imediato (Tarefas em pool) › @destrutivo deve sinalizar explicitamente quando não há aprovador habilitado para a próxima etapa 

    Error: PRÉ-CONDIÇÃO AUSENTE: a SC #113240, criada por este teste, não ficou assumível ("Assumir tarefa") na Validação do Gestor dentro de 180s. Isto NÃO é defeito do produto confirmado — pode ser lentidão do BPMN acima do observado em campo (~76s), ou a tarefa ter sido assumida por outra execução concorrente que pega a primeira do pool (tests/e2e/tarefas/assumir-tarefa-pool.spec.js). Atividade atual observada na tela de detalhe: "Grava SC e Anexos". Causa do polling: expect(locator).toBeVisible() failed

    Locator: getByRole('button', { name: 'Assumir tarefa' })
    Expected: visible
    Timeout: 5000ms
    Error: element(s) not found

    Call log:
      - Expect "toBeVisible" with timeout 5000ms
      - waiting for getByRole('button', { name: 'Assumir tarefa' })


    Call Log:
    - Timeout 180000ms exceeded while waiting on the predicate

       at ../utils/pre-condicao.js:36

      34 |   }
      35 |   const separador = motivo.startsWith('(') ? ' ' : ': ';
    > 36 |   return new Error(`${PREFIXO_PRE_CONDICAO}${separador}${motivo}`);
         |          ^
      37 | }
      38 |
      39 | /**
        at erroDePreCondicao (/home/dev1/emdash/worktrees/teste-esbo-o-do-projeto-a4e20f05/emdash-teste-2-jxzxn/utils/pre-condicao.js:36:10)
        at faltaPreCondicao (/home/dev1/emdash/worktrees/teste-esbo-o-do-projeto-a4e20f05/emdash-teste-2-jxzxn/utils/pre-condicao.js:69:9)
        at criarEAssumirNoPoolGestorImediato (/home/dev1/emdash/worktrees/teste-esbo-o-do-projeto-a4e20f05/emdash-teste-2-jxzxn/tests/e2e/compras/aprovacoes-solicitacao-compras.spec.js:291:5)
        at /home/dev1/emdash/worktrees/teste-esbo-o-do-projeto-a4e20f05/emdash-teste-2-jxzxn/tests/e2e/compras/aprovacoes-solicitacao-compras.spec.js:413:32

    attachment #1: screenshot (image/png) ──────────────────────────────────────────────────────────
    ../blob-todos/resources/a27d73e5c22b24e55d2b42187501e0696e06dd23.png
    ────────────────────────────────────────────────────────────────────────────────────────────────

    attachment #4: video (video/webm) ──────────────────────────────────────────────────────────────
    ../blob-todos/resources/1c4bfed8e8a7346bdf1794b591ccefa2bec7d4c0.webm
    ────────────────────────────────────────────────────────────────────────────────────────────────

    Error Context: ../blob-todos/resources/e3c2fa8bf2f83bb0040ef996c740f6760e17979b.md

    attachment #6: trace (application/zip) ─────────────────────────────────────────────────────────
    ../blob-todos/resources/0a4986254883f23f0ce5b89b33ba9af248d12dca.zip
    Usage:

        npx playwright show-trace ../blob-todos/resources/0a4986254883f23f0ce5b89b33ba9af248d12dca.zip

    ────────────────────────────────────────────────────────────────────────────────────────────────
]]>
</failure>
</testcase>
</testsuite>
<testsuite name="e2e/compras/aprovacoes-solicitacao-compras.spec.js" timestamp="2026-09-03T21:05:08.086Z" hostname="e2e" tests="1" failures="0" skipped="0" time="4.761" errors="0">
<testcase name="Etapas designadas nominalmente (verificação de alcançabilidade) › @destrutivo deve assumir e movimentar uma tarefa do pool de Validação dos Compradores quando disponível" classname="e2e/compras/aprovacoes-solicitacao-compras.spec.js" time="4.761">
<properties>
<property name="faker-seed" value="572312">
</property>
<property name="faker-seed-do-teste" value="3350474232">
</property>
<property name="alcancabilidade-validacao-compradores" value="NÃO ALCANÇÁVEL agora: grupos de pool disponíveis são [nenhum]">
</property>
</properties>
</testcase>
</testsuite>
<testsuite name="e2e/compras/ciclo-solicitacao-compras.spec.js" timestamp="2026-09-03T21:05:08.086Z" hostname="e2e" tests="1" failures="0" skipped="0" time="38.06" errors="0">
<testcase name="Ciclo de criação da Solicitação de Compras (formulário clássico) › @destrutivo deve criar e enviar a Solicitação de Compras com todos os campos válidos" classname="e2e/compras/ciclo-solicitacao-compras.spec.js" time="38.06">
<properties>
<property name="faker-seed" value="724175">
</property>
<property name="faker-seed-do-teste" value="2873457375">
</property>
<property name="solicitacao-criada" value="numero=113241 justificativa=&quot;QA Operative fresh-thinking interface 80c399a0&quot;">
</property>
<property name="minhas-solicitacoes" value="numeroProcesso=113241 presenteNoBlocoCarregado=false totalCartoesCarregados=15">
</property>
</properties>
</testcase>
</testsuite>
<testsuite name="e2e/compras/ciclo-solicitacao-compras.spec.js" timestamp="2026-09-03T21:05:08.086Z" hostname="e2e" tests="1" failures="0" skipped="0" time="122.041" errors="1">
<testcase name="Ciclo de criação da Solicitação de Compras (formulário clássico) › CT-CMP-02-S4 @destrutivo @bug — o servidor não deve criar a SC quando falta o anexo obrigatório" classname="e2e/compras/ciclo-solicitacao-compras.spec.js" time="122.041">
<properties>
<property name="faker-seed" value="953695">
</property>
<property name="faker-seed-do-teste" value="710739118">
</property>
</properties>
<system-out>
<![CDATA[
[[ATTACHMENT|blob-todos/resources/bbe0e241b27d0325a0b1439a9001853ed77775bb.png]]

[[ATTACHMENT|blob-todos/resources/6d8389d4b2b87f8802d24b6984edb1518d352e0f.webm]]

[[ATTACHMENT|blob-todos/resources/f7c516d272bd8c9c680a4cb6846867fba2a4b1cd.md]]

[[ATTACHMENT|blob-todos/resources/c96490b6508d1dc4ebb2255562881a907325ebe9.zip]]
]]>
</system-out>
<error message="Test timeout of 120000ms exceeded." type="Error">
<![CDATA[  [e2e] › e2e/compras/ciclo-solicitacao-compras.spec.js:568:3 › Ciclo de criação da Solicitação de Compras (formulário clássico) › CT-CMP-02-S4 @destrutivo @bug — o servidor não deve criar a SC quando falta o anexo obrigatório 

    Test timeout of 120000ms exceeded.

    Error: Zoom no índice 0 não abriu/confirmou uma opção após 5 tentativas.

      207 |
      208 |     if (tentativa === tentativasMax) {
    > 209 |       throw new Error(
          |             ^
      210 |         `Zoom no índice ${indiceDoIcone} não abriu/confirmou uma opção após ${tentativasMax} tentativas.`,
      211 |       );
      212 |     }
        at selecionarNoZoomDoRateio (/home/dev1/emdash/worktrees/teste-esbo-o-do-projeto-a4e20f05/emdash-teste-2-jxzxn/tests/e2e/compras/ciclo-solicitacao-compras.spec.js:209:13)
        at preencherFormularioCompleto (/home/dev1/emdash/worktrees/teste-esbo-o-do-projeto-a4e20f05/emdash-teste-2-jxzxn/tests/e2e/compras/ciclo-solicitacao-compras.spec.js:293:3)
        at /home/dev1/emdash/worktrees/teste-esbo-o-do-projeto-a4e20f05/emdash-teste-2-jxzxn/tests/e2e/compras/ciclo-solicitacao-compras.spec.js:611:5

    attachment #1: screenshot (image/png) ──────────────────────────────────────────────────────────
    ../blob-todos/resources/bbe0e241b27d0325a0b1439a9001853ed77775bb.png
    ────────────────────────────────────────────────────────────────────────────────────────────────

    attachment #4: video (video/webm) ──────────────────────────────────────────────────────────────
    ../blob-todos/resources/6d8389d4b2b87f8802d24b6984edb1518d352e0f.webm
    ────────────────────────────────────────────────────────────────────────────────────────────────

    Error Context: ../blob-todos/resources/f7c516d272bd8c9c680a4cb6846867fba2a4b1cd.md

    attachment #6: trace (application/zip) ─────────────────────────────────────────────────────────
    ../blob-todos/resources/c96490b6508d1dc4ebb2255562881a907325ebe9.zip
    Usage:

        npx playwright show-trace ../blob-todos/resources/c96490b6508d1dc4ebb2255562881a907325ebe9.zip

    ────────────────────────────────────────────────────────────────────────────────────────────────
]]>
</error>
</testcase>
</testsuite>
<testsuite name="e2e/compras/ciclo-solicitacao-compras.spec.js" timestamp="2026-09-03T21:05:08.086Z" hostname="e2e" tests="1" failures="1" skipped="0" time="150.234" errors="0">
<testcase name="Anexo da Solicitação de Compras chega íntegro ao GED (CT-ACC-09-H) › CT-ACC-09-H @destrutivo — o anexo enviado deveria gerar os dois registros no GED, sob a pasta da solicitação, e ser listado na solicitação" classname="e2e/compras/ciclo-solicitacao-compras.spec.js" time="150.234">
<properties>
<property name="faker-seed" value="911038">
</property>
<property name="faker-seed-do-teste" value="3291613477">
</property>
<property name="solicitacao-criada" value="numero=113242 anexo=&quot;QA Ergonomic explicit open architecture b9e424d8 - anexo&quot;">
</property>
</properties>
<system-out>
<![CDATA[
[[ATTACHMENT|blob-todos/resources/a82d9a352c63f78481ed2485f0d41bf405b197e1.png]]

[[ATTACHMENT|blob-todos/resources/9e4383dfff1fc08f39da3b5f8f8e41d15effeae1.webm]]

[[ATTACHMENT|blob-todos/resources/03af08ca71a1f8f8828597ebcb2fc3f176c9d415.md]]

[[ATTACHMENT|blob-todos/resources/8e7698ff022591823a5ad466a8c2629f2ceac1c4.zip]]
]]>
</system-out>
<failure message="nenhuma pasta &quot;Processo 113242 - ...&quot; existe no GED. O produto cria essa cadeia sozinho na etapa &quot;Grava SC e Anexos&quot;; sem ela o anexo não tem onde ser navegado e o aprovador não o alcança" type="expect.not.toBeNull">
<![CDATA[  [e2e] › e2e/compras/ciclo-solicitacao-compras.spec.js:816:3 › Anexo da Solicitação de Compras chega íntegro ao GED (CT-ACC-09-H) › CT-ACC-09-H @destrutivo — o anexo enviado deveria gerar os dois registros no GED, sob a pasta da solicitação, e ser listado na solicitação 

    Error: nenhuma pasta "Processo 113242 - ..." existe no GED. O produto cria essa cadeia sozinho na etapa "Grava SC e Anexos"; sem ela o anexo não tem onde ser navegado e o aprovador não o alcança

    expect(received).not.toBeNull()

    Received: null

    Call Log:
    - Timeout 120000ms exceeded while waiting on the predicate

      885 |           `${JSON.stringify(cadeia.conteudo)}`,
      886 |       ).not.toBeNull();
    > 887 |     }).toPass({ timeout: 120_000, intervals: [3_000, 5_000, 8_000, 15_000] });
          |        ^
      888 |
      889 |     const pastaDoProcesso = /** @type {Documento} */ (cadeia.processo);
      890 |     expect(
        at /home/dev1/emdash/worktrees/teste-esbo-o-do-projeto-a4e20f05/emdash-teste-2-jxzxn/tests/e2e/compras/ciclo-solicitacao-compras.spec.js:887:8

    attachment #1: screenshot (image/png) ──────────────────────────────────────────────────────────
    ../blob-todos/resources/a82d9a352c63f78481ed2485f0d41bf405b197e1.png
    ────────────────────────────────────────────────────────────────────────────────────────────────

    attachment #4: video (video/webm) ──────────────────────────────────────────────────────────────
    ../blob-todos/resources/9e4383dfff1fc08f39da3b5f8f8e41d15effeae1.webm
    ────────────────────────────────────────────────────────────────────────────────────────────────

    Error Context: ../blob-todos/resources/03af08ca71a1f8f8828597ebcb2fc3f176c9d415.md

    attachment #6: trace (application/zip) ─────────────────────────────────────────────────────────
    ../blob-todos/resources/8e7698ff022591823a5ad466a8c2629f2ceac1c4.zip
    Usage:

        npx playwright show-trace ../blob-todos/resources/8e7698ff022591823a5ad466a8c2629f2ceac1c4.zip

    ────────────────────────────────────────────────────────────────────────────────────────────────
]]>
</failure>
</testcase>
</testsuite>
<testsuite name="e2e/compras/fail-open-formulario-sc.spec.js" timestamp="2026-09-03T21:05:08.086Z" hostname="e2e" tests="1" failures="1" skipped="0" time="9.592" errors="0">
<testcase name="Fail-open do formulário clássico de Solicitação de Compras (CT-CMP-07-S1) › CT-CMP-07-S1 @destrutivo @bug — Enviar não deveria criar solicitação antes de o formulário terminar de montar" classname="e2e/compras/fail-open-formulario-sc.spec.js" time="9.592">
<properties>
<property name="faker-seed" value="696377">
</property>
<property name="faker-seed-do-teste" value="1135688961">
</property>
</properties>
<system-out>
<![CDATA[
[[ATTACHMENT|blob-todos/resources/d24f8724b0d995fd74591b19ba6d19bb1b743db9.png]]

[[ATTACHMENT|blob-todos/resources/962e26ab00630d598e9adb02329228f4991b296e.webm]]

[[ATTACHMENT|blob-todos/resources/01c7234b4c051d6dfa5e2da5f3347be4b7ea3df0.md]]

[[ATTACHMENT|blob-todos/resources/e1282d0173ee77c789d7b0774c12536c84860224.zip]]
]]>
</system-out>
<failure message="DEFEITO (fail-open, CT-CMP-07-S1): o Fluig aceitou submeter um formulário de Solicitação de Compras que ainda NÃO terminou de montar — nenhuma validação de cliente rodou e 1 requisição(ões) de criação saíram para `\/ecm\/api\/rest\/ecm\/workflowView\/send$`. O servidor recusou esta submissão (HTTP 500, corpo: &quot;{\&quot;content\&quot;:\&quot;ERROR\&quot;,\&quot;message\&quot;:{\&quot;message\&quot;:\&quot;Erro ao salvar dados de formulário: \\n\\n&lt;br/&gt;&lt;b class=\\\&quot;text-danger fs-font-bold\\\&quot;&gt;- O campo \\\&quot;Nome da Filial\\\&quot; é obrigatório!\\n Favor preencher o campo e tentar novamente.&lt;/b&gt;\&quot;,\&quot;detail\&quot;:\&quot;FLUIG INFO\\nHora: 2026-09-03 16:57:04\\nVersão Fluig: TOTVS Fluig Plataf&quot;) e NENHUMA solicitação nasceu desta execução — o defeito documentado aqui é do CLIENTE: ele submeteu um formulário não montado sem rodar validação nenhuma. A recusa do servidor é acidental (o formulário estava vazio); quando a montagem falha depois de os campos já terem valor, a MESMA janela cria a SC de verdade — foi assim que o defeito foi descoberto (ver `docs/estado-do-gate.md`). Não trate a recusa como se o produto estivesse protegido. O esperado é ZERO: enquanto a montagem não termina, o Enviar tem de ficar inerte (ou desabilitado), e submissão de formulário não montado nunca pode ser aceita" type="expect.toBe">
<![CDATA[  [e2e] › e2e/compras/fail-open-formulario-sc.spec.js:128:3 › Fail-open do formulário clássico de Solicitação de Compras (CT-CMP-07-S1) › CT-CMP-07-S1 @destrutivo @bug — Enviar não deveria criar solicitação antes de o formulário terminar de montar 

    Error: DEFEITO (fail-open, CT-CMP-07-S1): o Fluig aceitou submeter um formulário de Solicitação de Compras que ainda NÃO terminou de montar — nenhuma validação de cliente rodou e 1 requisição(ões) de criação saíram para `\/ecm\/api\/rest\/ecm\/workflowView\/send$`. O servidor recusou esta submissão (HTTP 500, corpo: "{\"content\":\"ERROR\",\"message\":{\"message\":\"Erro ao salvar dados de formulário: \\n\\n<br/><b class=\\\"text-danger fs-font-bold\\\">- O campo \\\"Nome da Filial\\\" é obrigatório!\\n Favor preencher o campo e tentar novamente.</b>\",\"detail\":\"FLUIG INFO\\nHora: 2026-09-03 16:57:04\\nVersão Fluig: TOTVS Fluig Plataf") e NENHUMA solicitação nasceu desta execução — o defeito documentado aqui é do CLIENTE: ele submeteu um formulário não montado sem rodar validação nenhuma. A recusa do servidor é acidental (o formulário estava vazio); quando a montagem falha depois de os campos já terem valor, a MESMA janela cria a SC de verdade — foi assim que o defeito foi descoberto (ver `docs/estado-do-gate.md`). Não trate a recusa como se o produto estivesse protegido. O esperado é ZERO: enquanto a montagem não termina, o Enviar tem de ficar inerte (ou desabilitado), e submissão de formulário não montado nunca pode ser aceita

    expect(received).toBe(expected) // Object.is equality

    Expected: 0
    Received: 1

      271 |         '. O esperado é ZERO: enquanto a montagem não termina, o Enviar tem de ficar inerte ' +
      272 |         '(ou desabilitado), e submissão de formulário não montado nunca pode ser aceita',
    > 273 |     ).toBe(0);
          |       ^
      274 |   });
      275 | });
      276 |
        at /home/dev1/emdash/worktrees/teste-esbo-o-do-projeto-a4e20f05/emdash-teste-2-jxzxn/tests/e2e/compras/fail-open-formulario-sc.spec.js:273:7

    attachment #1: screenshot (image/png) ──────────────────────────────────────────────────────────
    ../blob-todos/resources/d24f8724b0d995fd74591b19ba6d19bb1b743db9.png
    ────────────────────────────────────────────────────────────────────────────────────────────────

    attachment #4: video (video/webm) ──────────────────────────────────────────────────────────────
    ../blob-todos/resources/962e26ab00630d598e9adb02329228f4991b296e.webm
    ────────────────────────────────────────────────────────────────────────────────────────────────

    Error Context: ../blob-todos/resources/01c7234b4c051d6dfa5e2da5f3347be4b7ea3df0.md

    attachment #6: trace (application/zip) ─────────────────────────────────────────────────────────
    ../blob-todos/resources/e1282d0173ee77c789d7b0774c12536c84860224.zip
    Usage:

        npx playwright show-trace ../blob-todos/resources/e1282d0173ee77c789d7b0774c12536c84860224.zip

    ────────────────────────────────────────────────────────────────────────────────────────────────
]]>
</failure>
</testcase>
</testsuite>
<testsuite name="e2e/contratos/ciclo-faturamento.spec.js" timestamp="2026-09-03T21:05:08.086Z" hostname="e2e" tests="1" failures="0" skipped="0" time="39.776" errors="0">
<testcase name="Faturamento de Contratos — ciclo de medição › CT-FAT-01-H @destrutivo: deve criar uma medição válida a partir de um contrato vigente e roteá-la para a próxima atividade do workflow" classname="e2e/contratos/ciclo-faturamento.spec.js" time="39.776">
<properties>
<property name="faker-seed" value="737276">
</property>
<property name="faker-seed-do-teste" value="4223790622">
</property>
<property name="contrato-escolhido" value="00001-2026-3304 · filial 3304 · 057 - SEGURANCA · Vigente">
</property>
<property name="medicao-criada" value="113244">
</property>
</properties>
</testcase>
</testsuite>
<testsuite name="e2e/contratos/delegacao-fiscais-ciclo.spec.js" timestamp="2026-09-03T21:05:08.086Z" hostname="e2e" tests="1" failures="1" skipped="0" time="26.158" errors="0">
<testcase name="Delegação de Fiscais de Contrato/Serviço — ciclo completo › CT-DEL-01-H @destrutivo @bug: delegar um fiscal substituto para um contrato deve criar a delegação" classname="e2e/contratos/delegacao-fiscais-ciclo.spec.js" time="26.158">
<properties>
<property name="faker-seed" value="289180">
</property>
<property name="faker-seed-do-teste" value="858460355">
</property>
</properties>
<system-out>
<![CDATA[
[[ATTACHMENT|blob-todos/resources/630622c96e5fc30c4894695ac173118522c437d6.png]]

[[ATTACHMENT|blob-todos/resources/5c9ac81ee6fa900885bd36de5894ecf14dc8a318.webm]]

[[ATTACHMENT|blob-todos/resources/049d6a2359e02b1b4c26ab9f3c6ebaeff046dbb1.md]]

[[ATTACHMENT|blob-todos/resources/8aa0653fcd0d52b1178e138142b0a49e22a5d368.zip]]
]]>
</system-out>
<failure message="a Delegação de Fiscais deveria ser criável a partir do catálogo de processos (onde é anunciada como iniciável), mas o formulário recusa o envio exigindo um &quot;portal de delegação de fiscais&quot; inalcançável — ver comentário da suíte para a investigação completa" type="expect.toBeVisible">
<![CDATA[  [e2e] › e2e/contratos/delegacao-fiscais-ciclo.spec.js:42:3 › Delegação de Fiscais de Contrato/Serviço — ciclo completo › CT-DEL-01-H @destrutivo @bug: delegar um fiscal substituto para um contrato deve criar a delegação 

    Error: a Delegação de Fiscais deveria ser criável a partir do catálogo de processos (onde é anunciada como iniciável), mas o formulário recusa o envio exigindo um "portal de delegação de fiscais" inalcançável — ver comentário da suíte para a investigação completa

    expect(locator).toBeVisible() failed

    Locator: getByText(/iniciada com sucesso\./)
    Expected: visible
    Timeout: 15000ms
    Error: element(s) not found

    Call log:
      - a Delegação de Fiscais deveria ser criável a partir do catálogo de processos (onde é anunciada como iniciável), mas o formulário recusa o envio exigindo um "portal de delegação de fiscais" inalcançável — ver comentário da suíte para a investigação completa with timeout 15000ms
      - waiting for getByText(/iniciada com sucesso\./)


      75 |         'anunciada como iniciável), mas o formulário recusa o envio exigindo um "portal de ' +
      76 |         'delegação de fiscais" inalcançável — ver comentário da suíte para a investigação completa',
    > 77 |     ).toBeVisible({ timeout: 15000 });
         |       ^
      78 |
      79 |     expect(guarda.tentativas(), `tentativas bloqueadas: ${guarda.urls().join(', ')}`).toBe(0);
      80 |   });
        at /home/dev1/emdash/worktrees/teste-esbo-o-do-projeto-a4e20f05/emdash-teste-2-jxzxn/tests/e2e/contratos/delegacao-fiscais-ciclo.spec.js:77:7

    attachment #1: screenshot (image/png) ──────────────────────────────────────────────────────────
    ../blob-todos/resources/630622c96e5fc30c4894695ac173118522c437d6.png
    ────────────────────────────────────────────────────────────────────────────────────────────────

    attachment #4: video (video/webm) ──────────────────────────────────────────────────────────────
    ../blob-todos/resources/5c9ac81ee6fa900885bd36de5894ecf14dc8a318.webm
    ────────────────────────────────────────────────────────────────────────────────────────────────

    Error Context: ../blob-todos/resources/049d6a2359e02b1b4c26ab9f3c6ebaeff046dbb1.md

    attachment #6: trace (application/zip) ─────────────────────────────────────────────────────────
    ../blob-todos/resources/8aa0653fcd0d52b1178e138142b0a49e22a5d368.zip
    Usage:

        npx playwright show-trace ../blob-todos/resources/8aa0653fcd0d52b1178e138142b0a49e22a5d368.zip

    ────────────────────────────────────────────────────────────────────────────────────────────────
]]>
</failure>
</testcase>
</testsuite>
<testsuite name="e2e/contratos/delegacao-fiscais-ciclo.spec.js" timestamp="2026-09-03T21:05:08.086Z" hostname="e2e" tests="1" failures="1" skipped="0" time="6.108" errors="0">
<testcase name="Delegação de Fiscais de Contrato/Serviço — ciclo completo › CT-DEL-01-S1 @destrutivo @bug: substituto inválido/sem permissão deve ser bloqueado — não há nenhum controle para selecionar um fiscal substituto" classname="e2e/contratos/delegacao-fiscais-ciclo.spec.js" time="6.108">
<properties>
<property name="faker-seed" value="374061">
</property>
<property name="faker-seed-do-teste" value="2314075437">
</property>
</properties>
<system-out>
<![CDATA[
[[ATTACHMENT|blob-todos/resources/21a4419d21d280f981373abeed91aeab92b355cf.png]]

[[ATTACHMENT|blob-todos/resources/3802b1ee9c3cc2287d555a7fbb2cd03697d66070.webm]]

[[ATTACHMENT|blob-todos/resources/828b3e12ef77b5bda9027113b2b1dcec87f1b82c.md]]

[[ATTACHMENT|blob-todos/resources/55e21d6baacccfffdf5227af2d37e9ebff2b66f8.zip]]
]]>
</system-out>
<failure message="CT-DEL-01-S1 é INEXEQUÍVEL pela interface atual: o formulário de Delegação de Fiscais não oferece nenhum controle (searchbox/combobox) para informar um fiscal substituto, então não há entrada de dado para exercitar &quot;substituto inválido&quot;. O único caminho de escrita (Enviar) é recusado pelo servidor — HTTP 500 em /ecm/api/rest/ecm/workflowView/send: Erro ao salvar dados de formulário: Solicitação só pode ser aberta através do portal de delegação de fiscais! — e esse portal não foi encontrado em nenhum ponto de navegação alcançável por este usuário (ver CT-DEL-01-H)" type="expect.toBeGreaterThan">
<![CDATA[  [e2e] › e2e/contratos/delegacao-fiscais-ciclo.spec.js:82:3 › Delegação de Fiscais de Contrato/Serviço — ciclo completo › CT-DEL-01-S1 @destrutivo @bug: substituto inválido/sem permissão deve ser bloqueado — não há nenhum controle para selecionar um fiscal substituto 

    Error: CT-DEL-01-S1 é INEXEQUÍVEL pela interface atual: o formulário de Delegação de Fiscais não oferece nenhum controle (searchbox/combobox) para informar um fiscal substituto, então não há entrada de dado para exercitar "substituto inválido". O único caminho de escrita (Enviar) é recusado pelo servidor — HTTP 500 em /ecm/api/rest/ecm/workflowView/send: Erro ao salvar dados de formulário: Solicitação só pode ser aberta através do portal de delegação de fiscais! — e esse portal não foi encontrado em nenhum ponto de navegação alcançável por este usuário (ver CT-DEL-01-H)

    expect(received).toBeGreaterThan(expected)

    Expected: > 0
    Received:   0

      178 |         `(Enviar) é recusado pelo servidor — ${recusa} — e esse portal não foi encontrado em ` +
      179 |         'nenhum ponto de navegação alcançável por este usuário (ver CT-DEL-01-H)',
    > 180 |     ).toBeGreaterThan(0);
          |       ^
      181 |   });
      182 |
      183 |   test('CT-DEL-01-S2: período sobreposto a outra delegação vigente não é verificável — não há campo de período (início/fim) em nenhuma parte do formulário', async ({
        at /home/dev1/emdash/worktrees/teste-esbo-o-do-projeto-a4e20f05/emdash-teste-2-jxzxn/tests/e2e/contratos/delegacao-fiscais-ciclo.spec.js:180:7

    attachment #1: screenshot (image/png) ──────────────────────────────────────────────────────────
    ../blob-todos/resources/21a4419d21d280f981373abeed91aeab92b355cf.png
    ────────────────────────────────────────────────────────────────────────────────────────────────

    attachment #4: video (video/webm) ──────────────────────────────────────────────────────────────
    ../blob-todos/resources/3802b1ee9c3cc2287d555a7fbb2cd03697d66070.webm
    ────────────────────────────────────────────────────────────────────────────────────────────────

    Error Context: ../blob-todos/resources/828b3e12ef77b5bda9027113b2b1dcec87f1b82c.md

    attachment #6: trace (application/zip) ─────────────────────────────────────────────────────────
    ../blob-todos/resources/55e21d6baacccfffdf5227af2d37e9ebff2b66f8.zip
    Usage:

        npx playwright show-trace ../blob-todos/resources/55e21d6baacccfffdf5227af2d37e9ebff2b66f8.zip

    ────────────────────────────────────────────────────────────────────────────────────────────────
]]>
</failure>
</testcase>
</testsuite>
<testsuite name="e2e/documentos/bloqueio-extensoes.spec.js" timestamp="2026-09-03T21:05:08.086Z" hostname="e2e" tests="1" failures="1" skipped="0" time="39.501" errors="0">
<testcase name="GED — allowlist de extensão, não lista negra do .exe (CT-GED-02-S2) › CT-GED-02-S2 @destrutivo @bug — script de lote (.bat) deveria ser rejeitado" classname="e2e/documentos/bloqueio-extensoes.spec.js" time="39.501">
<properties>
<property name="faker-seed" value="239595">
</property>
<property name="faker-seed-do-teste" value="2537928137">
</property>
</properties>
<system-out>
<![CDATA[
[[ATTACHMENT|blob-todos/resources/2f1af40a999c4ff8c6d4ae66110d6816c8c25f9d.png]]

[[ATTACHMENT|blob-todos/resources/99ade7fcaaca1f131f73aeeeed05e4567f76a3a0.webm]]

[[ATTACHMENT|blob-todos/resources/ca7fc9fc6567748bc1d50884b27cffc086917fbd.md]]

[[ATTACHMENT|blob-todos/resources/fc25fa161d0c62cb7c9a9bc9fb16f916f28a9a26.zip]]
]]>
</system-out>
<failure message="esperada uma mensagem de bloqueio ao publicar &quot;qa-script-lote.bat&quot;: um .bat é executável no Windows e não pertence a nenhuma allowlist razoável de um GED documental. Nenhuma mensagem de bloqueio foi exibida — o GED não valida extensão (mesmo defeito que CT-GED-02-S1 documenta para o .exe). Uma correção que só coloque &quot;.exe&quot; numa lista negra deixa este caso vermelho, que é exatamente o ponto dele" type="expect.toBeVisible">
<![CDATA[  [e2e] › e2e/documentos/bloqueio-extensoes.spec.js:133:3 › GED — allowlist de extensão, não lista negra do .exe (CT-GED-02-S2) › CT-GED-02-S2 @destrutivo @bug — script de lote (.bat) deveria ser rejeitado 

    Error: esperada uma mensagem de bloqueio ao publicar "qa-script-lote.bat": um .bat é executável no Windows e não pertence a nenhuma allowlist razoável de um GED documental. Nenhuma mensagem de bloqueio foi exibida — o GED não valida extensão (mesmo defeito que CT-GED-02-S1 documenta para o .exe). Uma correção que só coloque ".exe" numa lista negra deixa este caso vermelho, que é exatamente o ponto dele

    expect(locator).toBeVisible() failed

    Locator: getByText(/extensão não permitida|tipo de arquivo não permitido|arquivo não permitido/i)
    Expected: visible
    Timeout: 30000ms
    Error: element(s) not found

    Call log:
      - esperada uma mensagem de bloqueio ao publicar "qa-script-lote.bat": um .bat é executável no Windows e não pertence a nenhuma allowlist razoável de um GED documental. Nenhuma mensagem de bloqueio foi exibida — o GED não valida extensão (mesmo defeito que CT-GED-02-S1 documenta para o .exe). Uma correção que só coloque ".exe" numa lista negra deixa este caso vermelho, que é exatamente o ponto dele with timeout 30000ms
      - waiting for getByText(/extensão não permitida|tipo de arquivo não permitido|arquivo não permitido/i)


      117 |       'CT-GED-02-S1 documenta para o .exe). Uma correção que só coloque ".exe" numa lista ' +
      118 |       'negra deixa este caso vermelho, que é exatamente o ponto dele',
    > 119 |   ).toBeVisible();
          |     ^
      120 |
      121 |   // Afirmado sobre a pasta INTEIRA: a grade pagina em 30 por Descrição e o documento pode
      122 |   // estar numa página seguinte. `tentativas: 1` porque aqui não se espera nada aparecer.
        at expectPublicacaoBloqueada (/home/dev1/emdash/worktrees/teste-esbo-o-do-projeto-a4e20f05/emdash-teste-2-jxzxn/tests/e2e/documentos/bloqueio-extensoes.spec.js:119:5)
        at /home/dev1/emdash/worktrees/teste-esbo-o-do-projeto-a4e20f05/emdash-teste-2-jxzxn/tests/e2e/documentos/bloqueio-extensoes.spec.js:140:5

    attachment #1: screenshot (image/png) ──────────────────────────────────────────────────────────
    ../blob-todos/resources/2f1af40a999c4ff8c6d4ae66110d6816c8c25f9d.png
    ────────────────────────────────────────────────────────────────────────────────────────────────

    attachment #4: video (video/webm) ──────────────────────────────────────────────────────────────
    ../blob-todos/resources/99ade7fcaaca1f131f73aeeeed05e4567f76a3a0.webm
    ────────────────────────────────────────────────────────────────────────────────────────────────

    Error Context: ../blob-todos/resources/ca7fc9fc6567748bc1d50884b27cffc086917fbd.md

    attachment #6: trace (application/zip) ─────────────────────────────────────────────────────────
    ../blob-todos/resources/fc25fa161d0c62cb7c9a9bc9fb16f916f28a9a26.zip
    Usage:

        npx playwright show-trace ../blob-todos/resources/fc25fa161d0c62cb7c9a9bc9fb16f916f28a9a26.zip

    ────────────────────────────────────────────────────────────────────────────────────────────────
]]>
</failure>
</testcase>
</testsuite>
<testsuite name="e2e/documentos/bloqueio-extensoes.spec.js" timestamp="2026-09-03T21:05:08.086Z" hostname="e2e" tests="1" failures="1" skipped="0" time="38.954" errors="0">
<testcase name="GED — allowlist de extensão, não lista negra do .exe (CT-GED-02-S2) › CT-GED-02-S2 @destrutivo @bug — shell script (.sh) deveria ser rejeitado" classname="e2e/documentos/bloqueio-extensoes.spec.js" time="38.954">
<properties>
<property name="faker-seed" value="993693">
</property>
<property name="faker-seed-do-teste" value="1341931054">
</property>
</properties>
<system-out>
<![CDATA[
[[ATTACHMENT|blob-todos/resources/49119c4d5c33207d2052979b485ac60d185a8dfa.png]]

[[ATTACHMENT|blob-todos/resources/22e30b330bcadeb33cddfa451c0c7437c121394f.webm]]

[[ATTACHMENT|blob-todos/resources/08a88e95720a4cc07abd730ea0f5cc532d0e5dca.md]]

[[ATTACHMENT|blob-todos/resources/1fde47fe898b134611ff9e913910f972045d6b69.zip]]
]]>
</system-out>
<failure message="esperada uma mensagem de bloqueio ao publicar &quot;qa-script-shell.sh&quot;: um .sh é executável e não pertence a uma allowlist de documentos. Nenhuma mensagem de bloqueio foi exibida — o GED não valida extensão (mesmo defeito que CT-GED-02-S1 documenta para o .exe). Uma correção que só coloque &quot;.exe&quot; numa lista negra deixa este caso vermelho, que é exatamente o ponto dele" type="expect.toBeVisible">
<![CDATA[  [e2e] › e2e/documentos/bloqueio-extensoes.spec.js:149:3 › GED — allowlist de extensão, não lista negra do .exe (CT-GED-02-S2) › CT-GED-02-S2 @destrutivo @bug — shell script (.sh) deveria ser rejeitado 

    Error: esperada uma mensagem de bloqueio ao publicar "qa-script-shell.sh": um .sh é executável e não pertence a uma allowlist de documentos. Nenhuma mensagem de bloqueio foi exibida — o GED não valida extensão (mesmo defeito que CT-GED-02-S1 documenta para o .exe). Uma correção que só coloque ".exe" numa lista negra deixa este caso vermelho, que é exatamente o ponto dele

    expect(locator).toBeVisible() failed

    Locator: getByText(/extensão não permitida|tipo de arquivo não permitido|arquivo não permitido/i)
    Expected: visible
    Timeout: 30000ms
    Error: element(s) not found

    Call log:
      - esperada uma mensagem de bloqueio ao publicar "qa-script-shell.sh": um .sh é executável e não pertence a uma allowlist de documentos. Nenhuma mensagem de bloqueio foi exibida — o GED não valida extensão (mesmo defeito que CT-GED-02-S1 documenta para o .exe). Uma correção que só coloque ".exe" numa lista negra deixa este caso vermelho, que é exatamente o ponto dele with timeout 30000ms
      - waiting for getByText(/extensão não permitida|tipo de arquivo não permitido|arquivo não permitido/i)


      117 |       'CT-GED-02-S1 documenta para o .exe). Uma correção que só coloque ".exe" numa lista ' +
      118 |       'negra deixa este caso vermelho, que é exatamente o ponto dele',
    > 119 |   ).toBeVisible();
          |     ^
      120 |
      121 |   // Afirmado sobre a pasta INTEIRA: a grade pagina em 30 por Descrição e o documento pode
      122 |   // estar numa página seguinte. `tentativas: 1` porque aqui não se espera nada aparecer.
        at expectPublicacaoBloqueada (/home/dev1/emdash/worktrees/teste-esbo-o-do-projeto-a4e20f05/emdash-teste-2-jxzxn/tests/e2e/documentos/bloqueio-extensoes.spec.js:119:5)
        at /home/dev1/emdash/worktrees/teste-esbo-o-do-projeto-a4e20f05/emdash-teste-2-jxzxn/tests/e2e/documentos/bloqueio-extensoes.spec.js:156:5

    attachment #1: screenshot (image/png) ──────────────────────────────────────────────────────────
    ../blob-todos/resources/49119c4d5c33207d2052979b485ac60d185a8dfa.png
    ────────────────────────────────────────────────────────────────────────────────────────────────

    attachment #4: video (video/webm) ──────────────────────────────────────────────────────────────
    ../blob-todos/resources/22e30b330bcadeb33cddfa451c0c7437c121394f.webm
    ────────────────────────────────────────────────────────────────────────────────────────────────

    Error Context: ../blob-todos/resources/08a88e95720a4cc07abd730ea0f5cc532d0e5dca.md

    attachment #6: trace (application/zip) ─────────────────────────────────────────────────────────
    ../blob-todos/resources/1fde47fe898b134611ff9e913910f972045d6b69.zip
    Usage:

        npx playwright show-trace ../blob-todos/resources/1fde47fe898b134611ff9e913910f972045d6b69.zip

[...]
<properties>
<property name="faker-seed" value="836472">
</property>
<property name="faker-seed-do-teste" value="3277695895">
</property>
</properties>
</testcase>
<testcase name="Integração Protheus — carga da grade de contratos › CT-INT-01-S1: deve comunicar indisponibilidade quando o Protheus não responde na carga da grade" classname="e2e/seguranca/integracao-protheus-grade-contratos.spec.js" time="3.116">
<properties>
<property name="faker-seed" value="757774">
</property>
<property name="faker-seed-do-teste" value="2190455956">
</property>
</properties>
</testcase>
</testsuite>
<testsuite name="e2e/seguranca/isolamento-horizontal-api-processos.spec.js" timestamp="2026-09-03T21:05:08.086Z" hostname="e2e" tests="1" failures="1" skipped="0" time="3.602" errors="0">
<testcase name="Segurança — isolamento horizontal na API v2 de processos (BOLA) › CT-SEG-07-S1 @bug — não deve entregar o objeto de um processo em que o usuário não participa" classname="e2e/seguranca/isolamento-horizontal-api-processos.spec.js" time="3.602">
<properties>
<property name="faker-seed" value="757774">
</property>
<property name="faker-seed-do-teste" value="2394295086">
</property>
</properties>
<system-out>
<![CDATA[
[[ATTACHMENT|blob-todos/resources/0d24fff8f4363a122e2891bccf73244f34038a81.png]]

[[ATTACHMENT|blob-todos/resources/26fd2a8e41e9802a62f4ce3c2043c4df570216b5.webm]]

[[ATTACHMENT|blob-todos/resources/9ba5544008a524b463b62ac88e78503db219bf4c.md]]

[[ATTACHMENT|blob-todos/resources/506eb4e9a7f2dc4f36f1007618ba72bd1666e660.zip]]
]]>
</system-out>
<failure message="BOLA / isolamento horizontal violado: a conta &apos;TOTVS-FS&apos; (que NÃO é requisitante, responsável nem participante — 8 tarefa(s) da instância inspecionadas, nenhuma sua) leu o objeto da instância 112009 do processo &apos;bpm_recepcao_documentos_fiscais_compras&apos; — um processo que esta conta nem sequer pode INICIAR. Esperado: 403/404, ou 200 com formFields:null. Obtido: HTTP 200 com 44 formField(s) do formulário completo (que inclui razão social e CNPJ do fornecedor). A ausência de 403 aqui significa que qualquer sessão autenticada enumera a base inteira de documentos fiscais pelo processInstanceId sequencial. Vermelho intencional — ver CT-SEG-07-S1." type="expect.toBe">
<![CDATA[  [e2e] › e2e/seguranca/isolamento-horizontal-api-processos.spec.js:60:3 › Segurança — isolamento horizontal na API v2 de processos (BOLA) › CT-SEG-07-S1 @bug — não deve entregar o objeto de um processo em que o usuário não participa 

    Error: BOLA / isolamento horizontal violado: a conta 'TOTVS-FS' (que NÃO é requisitante, responsável nem participante — 8 tarefa(s) da instância inspecionadas, nenhuma sua) leu o objeto da instância 112009 do processo 'bpm_recepcao_documentos_fiscais_compras' — um processo que esta conta nem sequer pode INICIAR. Esperado: 403/404, ou 200 com formFields:null. Obtido: HTTP 200 com 44 formField(s) do formulário completo (que inclui razão social e CNPJ do fornecedor). A ausência de 403 aqui significa que qualquer sessão autenticada enumera a base inteira de documentos fiscais pelo processInstanceId sequencial. Vermelho intencional — ver CT-SEG-07-S1.

    expect(received).toBe(expected) // Object.is equality

    Expected: true
    Received: false

      177 |         'qualquer sessão autenticada enumera a base inteira de documentos fiscais pelo ' +
      178 |         'processInstanceId sequencial. Vermelho intencional — ver CT-SEG-07-S1.',
    > 179 |     ).toBe(true);
          |       ^
      180 |   });
      181 | });
      182 |
        at /home/dev1/emdash/worktrees/teste-esbo-o-do-projeto-a4e20f05/emdash-teste-2-jxzxn/tests/e2e/seguranca/isolamento-horizontal-api-processos.spec.js:179:7

    attachment #1: screenshot (image/png) ──────────────────────────────────────────────────────────
    ../blob-todos/resources/0d24fff8f4363a122e2891bccf73244f34038a81.png
    ────────────────────────────────────────────────────────────────────────────────────────────────

    attachment #4: video (video/webm) ──────────────────────────────────────────────────────────────
    ../blob-todos/resources/26fd2a8e41e9802a62f4ce3c2043c4df570216b5.webm
    ────────────────────────────────────────────────────────────────────────────────────────────────

    Error Context: ../blob-todos/resources/9ba5544008a524b463b62ac88e78503db219bf4c.md

    attachment #6: trace (application/zip) ─────────────────────────────────────────────────────────
    ../blob-todos/resources/506eb4e9a7f2dc4f36f1007618ba72bd1666e660.zip
    Usage:

        npx playwright show-trace ../blob-todos/resources/506eb4e9a7f2dc4f36f1007618ba72bd1666e660.zip

    ────────────────────────────────────────────────────────────────────────────────────────────────
]]>
</failure>
</testcase>
</testsuite>
<testsuite name="e2e/seguranca/lgpd-envio-google-analytics.spec.js" timestamp="2026-09-03T21:05:08.086Z" hostname="e2e" tests="1" failures="1" skipped="0" time="12.948" errors="0">
<testcase name="LGPD — telemetria enviada a serviço externo › não deve enviar dados de navegação para o Google Analytics @bug" classname="e2e/seguranca/lgpd-envio-google-analytics.spec.js" time="12.948">
<properties>
<property name="faker-seed" value="336374">
</property>
<property name="faker-seed-do-teste" value="3958231723">
</property>
</properties>
<system-out>
<![CDATA[
[[ATTACHMENT|blob-todos/resources/8bf3c5b178c51385868b5a69d8dad4387c97b35d.png]]

[[ATTACHMENT|blob-todos/resources/11277429d0023fdfd2b1489876ace4bbf2c4cf45.webm]]

[[ATTACHMENT|blob-todos/resources/38c9517153c88c1cbb134eeca4b6a0d7a57629be.md]]

[[ATTACHMENT|blob-todos/resources/c8469ef18387eb432d213ec2466e87a1f440ccfe.zip]]
]]>
</system-out>
<failure message="2 requisição(ões) de navegação enviada(s) a google-analytics.com (medição G-F0FT6D1NQG). Ver achado U-11 / mapa-do-ambiente.md." type="expect.toBe">
<![CDATA[  [e2e] › e2e/seguranca/lgpd-envio-google-analytics.spec.js:22:3 › LGPD — telemetria enviada a serviço externo › não deve enviar dados de navegação para o Google Analytics @bug 

    Error: 2 requisição(ões) de navegação enviada(s) a google-analytics.com (medição G-F0FT6D1NQG). Ver achado U-11 / mapa-do-ambiente.md.

    expect(received).toBe(expected) // Object.is equality

    Expected: 0
    Received: 2

      43 |       `${requisicoesAnalytics} requisição(ões) de navegação enviada(s) a google-analytics.com ` +
      44 |         '(medição G-F0FT6D1NQG). Ver achado U-11 / mapa-do-ambiente.md.',
    > 45 |     ).toBe(0);
         |       ^
      46 |   });
      47 | });
      48 |
        at /home/dev1/emdash/worktrees/teste-esbo-o-do-projeto-a4e20f05/emdash-teste-2-jxzxn/tests/e2e/seguranca/lgpd-envio-google-analytics.spec.js:45:7

    attachment #1: screenshot (image/png) ──────────────────────────────────────────────────────────
    ../blob-todos/resources/8bf3c5b178c51385868b5a69d8dad4387c97b35d.png
    ────────────────────────────────────────────────────────────────────────────────────────────────

    attachment #4: video (video/webm) ──────────────────────────────────────────────────────────────
    ../blob-todos/resources/11277429d0023fdfd2b1489876ace4bbf2c4cf45.webm
    ────────────────────────────────────────────────────────────────────────────────────────────────

    Error Context: ../blob-todos/resources/38c9517153c88c1cbb134eeca4b6a0d7a57629be.md

    attachment #6: trace (application/zip) ─────────────────────────────────────────────────────────
    ../blob-todos/resources/c8469ef18387eb432d213ec2466e87a1f440ccfe.zip
    Usage:

        npx playwright show-trace ../blob-todos/resources/c8469ef18387eb432d213ec2466e87a1f440ccfe.zip

    ────────────────────────────────────────────────────────────────────────────────────────────────
]]>
</failure>
</testcase>
</testsuite>
<testsuite name="e2e/seguranca/processos-administrativos-usuario-comum.spec.js" timestamp="2026-09-03T21:05:08.086Z" hostname="e2e" tests="2" failures="2" skipped="0" time="13.196" errors="0">
<testcase name="Segurança — processos administrativos não devem abrir para usuário comum › CT-SEG-08-S1 @bug — &quot;bpm_addUserFluig&quot; (Adicionar Usuário) não deve constar do catálogo nem abrir para conta não-admin" classname="e2e/seguranca/processos-administrativos-usuario-comum.spec.js" time="6.588">
<properties>
<property name="faker-seed" value="836472">
</property>
<property name="faker-seed-do-teste" value="2893655529">
</property>
<property name="achado-segregacao-de-funcao" value="bpm_addUserFluig: consta do catálogo onlyCanStart e ABRE o formulário de início para a conta da automação (perfil Compras/Contratos, não-admin). Esperado seria o bloqueio de permissão, como em processos de RH barrados. Escalada de privilégio por processo administrativo.">
</property>
</properties>
<system-out>
<![CDATA[
[[ATTACHMENT|blob-todos/resources/2bafd990f912144663e659a193de1e55b4b38fe4.png]]

[[ATTACHMENT|blob-todos/resources/ddbf69e8e6db9b7fcda6b073590f7fa1f0930457.webm]]

[[ATTACHMENT|blob-todos/resources/56cc8272e140123bd1b5b88e4bca140ee7287403.md]]

[[ATTACHMENT|blob-todos/resources/3756aeab927213318d142ed1657fd5026dccb3fa.zip]]
]]>
</system-out>
<failure message="o processo administrativo &apos;bpm_addUserFluig&apos; consta do catálogo de início desta conta não-admin. Um processo de criação de usuário/grupo na plataforma não deveria ser iniciável por um perfil de Compras — segregação de função violada. Ver CT-SEG-08-S1." type="expect.not.toContain">
<![CDATA[  [e2e] › e2e/seguranca/processos-administrativos-usuario-comum.spec.js:39:5 › Segurança — processos administrativos não devem abrir para usuário comum › CT-SEG-08-S1 @bug — "bpm_addUserFluig" (Adicionar Usuário) não deve constar do catálogo nem abrir para conta não-admin 

    Error: o processo administrativo 'bpm_addUserFluig' consta do catálogo de início desta conta não-admin. Um processo de criação de usuário/grupo na plataforma não deveria ser iniciável por um perfil de Compras — segregação de função violada. Ver CT-SEG-08-S1.

    expect(received).not.toContain(expected) // indexOf

    Expected value: not "bpm_addUserFluig"
    Received array:     ["bpm_addUserGroup", "bpm_addUserFluig", "teste", "wf_cadastro_fornecedor", "wf_cotacao_produtos_servicos", "wf_negociacao_cotacao_prod_serv", "wf_solicitacao_compras", "wf_solicitacao_compras_parecer", "wf_SubstituiçãoCargosFluig", "wf_delegacaoFiscalContratoServico", "wf_faturamento_contratos", "bpm_financeiro_rejeicoes_bancarias", "prc_questionario_v2", "GestaoDependentes", "rh_gbeneficios_planosaude", "wf_automacao_admissao", "wf_pagamento_horas_extras", "wf_substituicaocargos", "FLUIGADHOC", "SIGAJURI_AprovaFU", "SIGAJURI_Consultivo", "SIGAJURI_Contencioso", "SIGAJURI_Contrato"]

      86 |             'iniciável por um perfil de Compras — segregação de função violada. Ver CT-SEG-08-S1.',
      87 |         )
    > 88 |         .not.toContain(processId);
         |              ^
      89 |
      90 |       // Passo 2 — abrir o formulário de início por URL. Esperado: bloqueio (diálogo "Erro").
      91 |       await formularioPage.goto(processId);
        at /home/dev1/emdash/worktrees/teste-esbo-o-do-projeto-a4e20f05/emdash-teste-2-jxzxn/tests/e2e/seguranca/processos-administrativos-usuario-comum.spec.js:88:14

    Error: abrir 'bpm_addUserFluig' deveria exibir o diálogo "Erro" de permissão para a conta não-admin, como acontece com os processos de RH barrados. Ver CT-SEG-08-S1.

    expect(received).toBe(expected) // Object.is equality

    Expected: true
    Received: false

       99 |             'não-admin, como acontece com os processos de RH barrados. Ver CT-SEG-08-S1.',
      100 |         )
    > 101 |         .toBe(true);
          |          ^
      102 |
      103 |       expect
      104 |         .soft(
        at /home/dev1/emdash/worktrees/teste-esbo-o-do-projeto-a4e20f05/emdash-teste-2-jxzxn/tests/e2e/seguranca/processos-administrativos-usuario-comum.spec.js:101:10

    Error: o formulário de início de 'bpm_addUserFluig' (Adicionar Usuário) carregou com o botão "Enviar" visível para a conta não-admin — o processo administrativo abriu de fato, quando deveria ter sido barrado. É a superfície da escalada de privilégio. Ver CT-SEG-08-S1.

    expect(received).toBe(expected) // Object.is equality

    Expected: false
    Received: true

      108 |             'deveria ter sido barrado. É a superfície da escalada de privilégio. Ver CT-SEG-08-S1.',
      109 |         )
    > 110 |         .toBe(false);
          |          ^
      111 |
      112 |       // Invariante de segurança que DEVE valer sempre: a navegação de leitura não pode ter
      113 |       // disparado nenhuma escrita. Assertion dura (não-soft) — se falhar, é problema real.
        at /home/dev1/emdash/worktrees/teste-esbo-o-do-projeto-a4e20f05/emdash-teste-2-jxzxn/tests/e2e/seguranca/processos-administrativos-usuario-comum.spec.js:110:10

    attachment #1: screenshot (image/png) ──────────────────────────────────────────────────────────
    ../blob-todos/resources/2bafd990f912144663e659a193de1e55b4b38fe4.png
    ────────────────────────────────────────────────────────────────────────────────────────────────

    attachment #4: video (video/webm) ──────────────────────────────────────────────────────────────
    ../blob-todos/resources/ddbf69e8e6db9b7fcda6b073590f7fa1f0930457.webm
    ────────────────────────────────────────────────────────────────────────────────────────────────

    Error Context: ../blob-todos/resources/56cc8272e140123bd1b5b88e4bca140ee7287403.md

    attachment #6: trace (application/zip) ─────────────────────────────────────────────────────────
    ../blob-todos/resources/3756aeab927213318d142ed1657fd5026dccb3fa.zip
    Usage:

        npx playwright show-trace ../blob-todos/resources/3756aeab927213318d142ed1657fd5026dccb3fa.zip

    ────────────────────────────────────────────────────────────────────────────────────────────────
]]>
</failure>
</testcase>
<testcase name="Segurança — processos administrativos não devem abrir para usuário comum › CT-SEG-08-S1 @bug — &quot;bpm_addUserGroup&quot; (Adicionar Grupo) não deve constar do catálogo nem abrir para conta não-admin" classname="e2e/seguranca/processos-administrativos-usuario-comum.spec.js" time="6.608">
<properties>
<property name="faker-seed" value="799439">
</property>
<property name="faker-seed-do-teste" value="2303067079">
</property>
<property name="achado-segregacao-de-funcao" value="bpm_addUserGroup: consta do catálogo onlyCanStart e ABRE o formulário de início para a conta da automação (perfil Compras/Contratos, não-admin). Esperado seria o bloqueio de permissão, como em processos de RH barrados. Escalada de privilégio por processo administrativo.">
</property>
</properties>
<system-out>
<![CDATA[
[[ATTACHMENT|blob-todos/resources/6dc66fb9258a10aca069613e1b85363813cd62e1.png]]

[[ATTACHMENT|blob-todos/resources/5ec7dc73d7efb3795ca99b9ef8c2e5b369aa7fa3.webm]]

[[ATTACHMENT|blob-todos/resources/1bf19483579436315eb7b887241721522571a938.md]]

[[ATTACHMENT|blob-todos/resources/cc6781a52e071684cb36deef03c1a3261b7d623a.zip]]
]]>
</system-out>
<failure message="o processo administrativo &apos;bpm_addUserGroup&apos; consta do catálogo de início desta conta não-admin. Um processo de criação de usuário/grupo na plataforma não deveria ser iniciável por um perfil de Compras — segregação de função violada. Ver CT-SEG-08-S1." type="expect.not.toContain">
<![CDATA[  [e2e] › e2e/seguranca/processos-administrativos-usuario-comum.spec.js:39:5 › Segurança — processos administrativos não devem abrir para usuário comum › CT-SEG-08-S1 @bug — "bpm_addUserGroup" (Adicionar Grupo) não deve constar do catálogo nem abrir para conta não-admin 

    Error: o processo administrativo 'bpm_addUserGroup' consta do catálogo de início desta conta não-admin. Um processo de criação de usuário/grupo na plataforma não deveria ser iniciável por um perfil de Compras — segregação de função violada. Ver CT-SEG-08-S1.

    expect(received).not.toContain(expected) // indexOf

    Expected value: not "bpm_addUserGroup"
    Received array:     ["bpm_addUserGroup", "bpm_addUserFluig", "teste", "wf_cadastro_fornecedor", "wf_cotacao_produtos_servicos", "wf_negociacao_cotacao_prod_serv", "wf_solicitacao_compras", "wf_solicitacao_compras_parecer", "wf_SubstituiçãoCargosFluig", "wf_delegacaoFiscalContratoServico", "wf_faturamento_contratos", "bpm_financeiro_rejeicoes_bancarias", "prc_questionario_v2", "GestaoDependentes", "rh_gbeneficios_planosaude", "wf_automacao_admissao", "wf_pagamento_horas_extras", "wf_substituicaocargos", "FLUIGADHOC", "SIGAJURI_AprovaFU", "SIGAJURI_Consultivo", "SIGAJURI_Contencioso", "SIGAJURI_Contrato"]

      86 |             'iniciável por um perfil de Compras — segregação de função violada. Ver CT-SEG-08-S1.',
      87 |         )
    > 88 |         .not.toContain(processId);
         |              ^
      89 |
      90 |       // Passo 2 — abrir o formulário de início por URL. Esperado: bloqueio (diálogo "Erro").
      91 |       await formularioPage.goto(processId);
        at /home/dev1/emdash/worktrees/teste-esbo-o-do-projeto-a4e20f05/emdash-teste-2-jxzxn/tests/e2e/seguranca/processos-administrativos-usuario-comum.spec.js:88:14

    Error: abrir 'bpm_addUserGroup' deveria exibir o diálogo "Erro" de permissão para a conta não-admin, como acontece com os processos de RH barrados. Ver CT-SEG-08-S1.

    expect(received).toBe(expected) // Object.is equality

    Expected: true
    Received: false

       99 |             'não-admin, como acontece com os processos de RH barrados. Ver CT-SEG-08-S1.',
      100 |         )
    > 101 |         .toBe(true);
          |          ^
      102 |
      103 |       expect
      104 |         .soft(
        at /home/dev1/emdash/worktrees/teste-esbo-o-do-projeto-a4e20f05/emdash-teste-2-jxzxn/tests/e2e/seguranca/processos-administrativos-usuario-comum.spec.js:101:10

    Error: o formulário de início de 'bpm_addUserGroup' (Adicionar Grupo) carregou com o botão "Enviar" visível para a conta não-admin — o processo administrativo abriu de fato, quando deveria ter sido barrado. É a superfície da escalada de privilégio. Ver CT-SEG-08-S1.

    expect(received).toBe(expected) // Object.is equality

    Expected: false
    Received: true

      108 |             'deveria ter sido barrado. É a superfície da escalada de privilégio. Ver CT-SEG-08-S1.',
      109 |         )
    > 110 |         .toBe(false);
          |          ^
      111 |
      112 |       // Invariante de segurança que DEVE valer sempre: a navegação de leitura não pode ter
      113 |       // disparado nenhuma escrita. Assertion dura (não-soft) — se falhar, é problema real.
        at /home/dev1/emdash/worktrees/teste-esbo-o-do-projeto-a4e20f05/emdash-teste-2-jxzxn/tests/e2e/seguranca/processos-administrativos-usuario-comum.spec.js:110:10

    attachment #1: screenshot (image/png) ──────────────────────────────────────────────────────────
    ../blob-todos/resources/6dc66fb9258a10aca069613e1b85363813cd62e1.png
    ────────────────────────────────────────────────────────────────────────────────────────────────

    attachment #4: video (video/webm) ──────────────────────────────────────────────────────────────
    ../blob-todos/resources/5ec7dc73d7efb3795ca99b9ef8c2e5b369aa7fa3.webm
    ────────────────────────────────────────────────────────────────────────────────────────────────

    Error Context: ../blob-todos/resources/1bf19483579436315eb7b887241721522571a938.md

    attachment #6: trace (application/zip) ─────────────────────────────────────────────────────────
    ../blob-todos/resources/cc6781a52e071684cb36deef03c1a3261b7d623a.zip
    Usage:

        npx playwright show-trace ../blob-todos/resources/cc6781a52e071684cb36deef03c1a3261b7d623a.zip

    ────────────────────────────────────────────────────────────────────────────────────────────────
]]>
</failure>
</testcase>
</testsuite>
</testsuites>
